<?xml version="1.0" encoding="UTF-8"?>
<robot generator="Robot 3.2.2 (Python 3.8.3 on win32)" generated="20210604 10:04:36.085" rpa="true">
<suite id="s1" name="ChartGeneration" source="C:\Users\pgo\eclipse-workspace\ChartGeneration">
<kw name="Launch Browser" type="setup">
<msg timestamp="20210604 10:04:36.945" level="TRACE">Arguments: [  ]</msg>
<kw name="New Browser" library="Browser">
<tags>
<tag>BrowserControl</tag>
<tag>Setter</tag>
</tags>
<doc>Create a new playwright Browser with specified options.
See `Browser, Context and Page` for more information about Browser and related concepts.</doc>
<arguments>
<arg>chromium</arg>
<arg>headless=false</arg>
</arguments>
<msg timestamp="20210604 10:04:36.946" level="TRACE">Arguments: [ &lt;SupportedBrowsers.chromium: 1&gt; | headless=False ]</msg>
<msg timestamp="20210604 10:04:36.946" level="INFO">{"browser": "chromium", "headless": false, "handleSIGINT": true, "handleSIGTERM": true, "handleSIGHUP": true, "timeout": 30000.0, "devtools": false, "slowMo": 0.0}</msg>
<msg timestamp="20210604 10:04:37.168" level="INFO">Successfully created browser with options: {"browser":"chromium","headless":false,"handleSIGINT":true,"handleSIGTERM":true,"handleSIGHUP":true,"timeout":30000,"devtools":false,"slowMo":0}</msg>
<msg timestamp="20210604 10:04:37.169" level="TRACE">Return: 'browser=69276dd3-c9e3-4843-b82f-8597ec2c22ac'</msg>
<status status="PASS" starttime="20210604 10:04:36.945" endtime="20210604 10:04:37.169"></status>
</kw>
<kw name="New Context" library="Browser">
<tags>
<tag>BrowserControl</tag>
<tag>Setter</tag>
</tags>
<doc>Create a new BrowserContext with specified options.
See `Browser, Context and Page` for more information about BrowserContext.</doc>
<arguments>
<arg>viewport={'width': ${windowWidth}, 'height': ${windowHeight}}</arg>
</arguments>
<msg timestamp="20210604 10:04:37.170" level="TRACE">Arguments: [ viewport={'height': 1080, 'width': 1920} ]</msg>
<msg timestamp="20210604 10:04:37.170" level="INFO">{"acceptDownloads": false, "ignoreHTTPSErrors": false, "bypassCSP": false, "viewport": {"width": 1920, "height": 1080}, "deviceScaleFactor": 1.0, "isMobile": false, "hasTouch": false, "javaScriptEnabled": true, "offline": false, "hideRfBrowser": false}</msg>
<msg timestamp="20210604 10:04:37.182" level="INFO">Successfully created context with options: {"acceptDownloads":false,"ignoreHTTPSErrors":false,"bypassCSP":false,"viewport":{"width":1920,"height":1080},"deviceScaleFactor":1,"isMobile":false,"hasTouch":false,"javaScriptEnabled":true,"offline":false,"hideRfBrowser":false}</msg>
<msg timestamp="20210604 10:04:37.182" level="TRACE">Return: 'context=f91e833c-f46a-4efd-8361-81e05161aa23'</msg>
<status status="PASS" starttime="20210604 10:04:37.169" endtime="20210604 10:04:37.182"></status>
</kw>
<msg timestamp="20210604 10:04:37.183" level="TRACE">Return: None</msg>
<status status="PASS" starttime="20210604 10:04:36.945" endtime="20210604 10:04:37.183"></status>
</kw>
<suite id="s1-s1" name="ChartGenerationUI" source="C:\Users\pgo\eclipse-workspace\ChartGeneration\ChartGenerationUI">
<suite id="s1-s1-s1" name="Tests" source="C:\Users\pgo\eclipse-workspace\ChartGeneration\ChartGenerationUI\Tests">
<suite id="s1-s1-s1-s1" name="Content" source="C:\Users\pgo\eclipse-workspace\ChartGeneration\ChartGenerationUI\Tests\Content">
<suite id="s1-s1-s1-s1-s1" name="PieChartItems" source="C:\Users\pgo\eclipse-workspace\ChartGeneration\ChartGenerationUI\Tests\Content\PieChartItems.robot">
<test id="s1-s1-s1-s1-s1-t1" name="Verify modifications in chart when items added/deleted">
<kw name="Start Gif Recording" library="ScreenCapLibrary" type="setup">
<doc>Starts the recording of a GIF in the background with the specified ``name``.
The recording can be stopped by calling the `Stop Gif Recording` keyword.</doc>
<msg timestamp="20210604 10:04:37.495" level="TRACE">Arguments: [  ]</msg>
<msg timestamp="20210604 10:04:37.497" level="TRACE">Return: None</msg>
<status status="PASS" starttime="20210604 10:04:37.495" endtime="20210604 10:04:37.497"></status>
</kw>
<kw name="New Page" library="Browser">
<tags>
<tag>BrowserControl</tag>
<tag>Setter</tag>
</tags>
<doc>Open a new Page. A Page is the Playwright equivalent to a tab.
See `Browser, Context and Page` for more information about Page concept.
Returns a stable identifier for the created page.</doc>
<arguments>
<arg>${envVarURL}</arg>
</arguments>
<msg timestamp="20210604 10:04:37.498" level="TRACE">Arguments: [ 'https://spark.adobe.com/express-apps/chart/' ]</msg>
<msg timestamp="20210604 10:04:39.643" level="INFO">Successfully initialized new page object and opened url: https://spark.adobe.com/express-apps/chart/</msg>
<msg timestamp="20210604 10:04:39.644" level="DEBUG">Video is not enabled.</msg>
<msg timestamp="20210604 10:04:39.644" level="TRACE">Return: 'page=159feab6-a7ea-49e1-a831-e389150f7e4c'</msg>
<status status="PASS" starttime="20210604 10:04:37.497" endtime="20210604 10:04:39.644"></status>
</kw>
<kw name="Log" library="BuiltIn">
<doc>Logs the given message with the given level.</doc>
<arguments>
<arg>=== Delete all items ===</arg>
</arguments>
<msg timestamp="20210604 10:04:39.645" level="TRACE">Arguments: [ '=== Delete all items ===' ]</msg>
<msg timestamp="20210604 10:04:39.646" level="INFO">=== Delete all items ===</msg>
<msg timestamp="20210604 10:04:39.646" level="TRACE">Return: None</msg>
<status status="PASS" starttime="20210604 10:04:39.645" endtime="20210604 10:04:39.646"></status>
</kw>
<kw name="Delete Item" library="SidePanelItemValuePO">
<arguments>
<arg>${localItemAnimlPurchse}</arg>
</arguments>
<msg timestamp="20210604 10:04:39.647" level="TRACE">Arguments: [ ${argItemToBeDeleted}='Animal purchases' ]</msg>
<kw name="Set Variable" library="BuiltIn">
<doc>Returns the given values which can then be assigned to a variables.</doc>
<arguments>
<arg>//table/tbody//input[contains(@value,'${argItemToBeDeleted}')]/ancestor-or-self::tr//td/button[contains(@class,'delete-button')]</arg>
</arguments>
<assign>
<var>${locDelItem}</var>
</assign>
<msg timestamp="20210604 10:04:39.649" level="TRACE">Arguments: [ "//table/tbody//input[contains(@value,'Animal purchases')]/ancestor-or-self::tr//td/button[contains(@class,'delete-button')]" ]</msg>
<msg timestamp="20210604 10:04:39.649" level="TRACE">Return: "//table/tbody//input[contains(@value,'Animal purchases')]/ancestor-or-self::tr//td/button[contains(@class,'delete-button')]"</msg>
<msg timestamp="20210604 10:04:39.649" level="INFO">${locDelItem} = //table/tbody//input[contains(@value,'Animal purchases')]/ancestor-or-self::tr//td/button[contains(@class,'delete-button')]</msg>
<status status="PASS" starttime="20210604 10:04:39.648" endtime="20210604 10:04:39.649"></status>
</kw>
<kw name="Click" library="Browser">
<tags>
<tag>PageContent</tag>
<tag>Setter</tag>
</tags>
<doc>Simulates mouse click on the element found by ``selector``.</doc>
<arguments>
<arg>${locDelItem}</arg>
</arguments>
<msg timestamp="20210604 10:04:39.650" level="TRACE">Arguments: [ "//table/tbody//input[contains(@value,'Animal purchases')]/ancestor-or-self::tr//td/button[contains(@class,'delete-button')]" ]</msg>
<msg timestamp="20210604 10:04:39.650" level="DEBUG">Click options are: {"button": "left", "clickCount": 1, "force": false, "noWaitAfter": false}</msg>
<msg timestamp="20210604 10:04:39.845" level="DEBUG">Clicked element: '//table/tbody//input[contains(@value,'Animal purchases')]/ancestor-or-self::tr//td/button[contains(@class,'delete-button')]' with options: '{"button": "left", "clickCount": 1, "force": false, "noWaitAfter": false}'</msg>
<msg timestamp="20210604 10:04:39.846" level="TRACE">Return: None</msg>
<status status="PASS" starttime="20210604 10:04:39.650" endtime="20210604 10:04:39.846"></status>
</kw>
<msg timestamp="20210604 10:04:39.846" level="TRACE">Return: None</msg>
<status status="PASS" starttime="20210604 10:04:39.646" endtime="20210604 10:04:39.846"></status>
</kw>
<kw name="Delete Item" library="SidePanelItemValuePO">
<arguments>
<arg>${localItemFood}</arg>
</arguments>
<msg timestamp="20210604 10:04:39.847" level="TRACE">Arguments: [ ${argItemToBeDeleted}='Food' ]</msg>
<kw name="Set Variable" library="BuiltIn">
<doc>Returns the given values which can then be assigned to a variables.</doc>
<arguments>
<arg>//table/tbody//input[contains(@value,'${argItemToBeDeleted}')]/ancestor-or-self::tr//td/button[contains(@class,'delete-button')]</arg>
</arguments>
<assign>
<var>${locDelItem}</var>
</assign>
<msg timestamp="20210604 10:04:39.848" level="TRACE">Arguments: [ "//table/tbody//input[contains(@value,'Food')]/ancestor-or-self::tr//td/button[contains(@class,'delete-button')]" ]</msg>
<msg timestamp="20210604 10:04:39.848" level="TRACE">Return: "//table/tbody//input[contains(@value,'Food')]/ancestor-or-self::tr//td/button[contains(@class,'delete-button')]"</msg>
<msg timestamp="20210604 10:04:39.848" level="INFO">${locDelItem} = //table/tbody//input[contains(@value,'Food')]/ancestor-or-self::tr//td/button[contains(@class,'delete-button')]</msg>
<status status="PASS" starttime="20210604 10:04:39.848" endtime="20210604 10:04:39.849"></status>
</kw>
<kw name="Click" library="Browser">
<tags>
<tag>PageContent</tag>
<tag>Setter</tag>
</tags>
<doc>Simulates mouse click on the element found by ``selector``.</doc>
<arguments>
<arg>${locDelItem}</arg>
</arguments>
<msg timestamp="20210604 10:04:39.849" level="TRACE">Arguments: [ "//table/tbody//input[contains(@value,'Food')]/ancestor-or-self::tr//td/button[contains(@class,'delete-button')]" ]</msg>
<msg timestamp="20210604 10:04:39.850" level="DEBUG">Click options are: {"button": "left", "clickCount": 1, "force": false, "noWaitAfter": false}</msg>
<msg timestamp="20210604 10:04:39.925" level="DEBUG">Clicked element: '//table/tbody//input[contains(@value,'Food')]/ancestor-or-self::tr//td/button[contains(@class,'delete-button')]' with options: '{"button": "left", "clickCount": 1, "force": false, "noWaitAfter": false}'</msg>
<msg timestamp="20210604 10:04:39.925" level="TRACE">Return: None</msg>
<status status="PASS" starttime="20210604 10:04:39.849" endtime="20210604 10:04:39.926"></status>
</kw>
<msg timestamp="20210604 10:04:39.926" level="TRACE">Return: None</msg>
<status status="PASS" starttime="20210604 10:04:39.846" endtime="20210604 10:04:39.927"></status>
</kw>
<kw name="Delete Item" library="SidePanelItemValuePO">
<arguments>
<arg>${localItemGrooming}</arg>
</arguments>
<msg timestamp="20210604 10:04:39.928" level="TRACE">Arguments: [ ${argItemToBeDeleted}='Grooming/boarding' ]</msg>
<kw name="Set Variable" library="BuiltIn">
<doc>Returns the given values which can then be assigned to a variables.</doc>
<arguments>
<arg>//table/tbody//input[contains(@value,'${argItemToBeDeleted}')]/ancestor-or-self::tr//td/button[contains(@class,'delete-button')]</arg>
</arguments>
<assign>
<var>${locDelItem}</var>
</assign>
<msg timestamp="20210604 10:04:39.928" level="TRACE">Arguments: [ "//table/tbody//input[contains(@value,'Grooming/boarding')]/ancestor-or-self::tr//td/button[contains(@class,'delete-button')]" ]</msg>
<msg timestamp="20210604 10:04:39.929" level="TRACE">Return: "//table/tbody//input[contains(@value,'Grooming/boarding')]/ancestor-or-self::tr//td/button[contains(@class,'delete-button')]"</msg>
<msg timestamp="20210604 10:04:39.929" level="INFO">${locDelItem} = //table/tbody//input[contains(@value,'Grooming/boarding')]/ancestor-or-self::tr//td/button[contains(@class,'delete-button')]</msg>
<status status="PASS" starttime="20210604 10:04:39.928" endtime="20210604 10:04:39.929"></status>
</kw>
<kw name="Click" library="Browser">
<tags>
<tag>PageContent</tag>
<tag>Setter</tag>
</tags>
<doc>Simulates mouse click on the element found by ``selector``.</doc>
<arguments>
<arg>${locDelItem}</arg>
</arguments>
<msg timestamp="20210604 10:04:39.929" level="TRACE">Arguments: [ "//table/tbody//input[contains(@value,'Grooming/boarding')]/ancestor-or-self::tr//td/button[contains(@class,'delete-button')]" ]</msg>
<msg timestamp="20210604 10:04:39.930" level="DEBUG">Click options are: {"button": "left", "clickCount": 1, "force": false, "noWaitAfter": false}</msg>
<msg timestamp="20210604 10:04:40.001" level="DEBUG">Clicked element: '//table/tbody//input[contains(@value,'Grooming/boarding')]/ancestor-or-self::tr//td/button[contains(@class,'delete-button')]' with options: '{"button": "left", "clickCount": 1, "force": false, "noWaitAfter": false}'</msg>
<msg timestamp="20210604 10:04:40.001" level="TRACE">Return: None</msg>
<status status="PASS" starttime="20210604 10:04:39.929" endtime="20210604 10:04:40.001"></status>
</kw>
<msg timestamp="20210604 10:04:40.002" level="TRACE">Return: None</msg>
<status status="PASS" starttime="20210604 10:04:39.927" endtime="20210604 10:04:40.003"></status>
</kw>
<kw name="Delete Item" library="SidePanelItemValuePO">
<arguments>
<arg>${localItemVetCare}</arg>
</arguments>
<msg timestamp="20210604 10:04:40.003" level="TRACE">Arguments: [ ${argItemToBeDeleted}='Vet care' ]</msg>
<kw name="Set Variable" library="BuiltIn">
<doc>Returns the given values which can then be assigned to a variables.</doc>
<arguments>
<arg>//table/tbody//input[contains(@value,'${argItemToBeDeleted}')]/ancestor-or-self::tr//td/button[contains(@class,'delete-button')]</arg>
</arguments>
<assign>
<var>${locDelItem}</var>
</assign>
<msg timestamp="20210604 10:04:40.004" level="TRACE">Arguments: [ "//table/tbody//input[contains(@value,'Vet care')]/ancestor-or-self::tr//td/button[contains(@class,'delete-button')]" ]</msg>
<msg timestamp="20210604 10:04:40.005" level="TRACE">Return: "//table/tbody//input[contains(@value,'Vet care')]/ancestor-or-self::tr//td/button[contains(@class,'delete-button')]"</msg>
<msg timestamp="20210604 10:04:40.005" level="INFO">${locDelItem} = //table/tbody//input[contains(@value,'Vet care')]/ancestor-or-self::tr//td/button[contains(@class,'delete-button')]</msg>
<status status="PASS" starttime="20210604 10:04:40.004" endtime="20210604 10:04:40.005"></status>
</kw>
<kw name="Click" library="Browser">
<tags>
<tag>PageContent</tag>
<tag>Setter</tag>
</tags>
<doc>Simulates mouse click on the element found by ``selector``.</doc>
<arguments>
<arg>${locDelItem}</arg>
</arguments>
<msg timestamp="20210604 10:04:40.006" level="TRACE">Arguments: [ "//table/tbody//input[contains(@value,'Vet care')]/ancestor-or-self::tr//td/button[contains(@class,'delete-button')]" ]</msg>
<msg timestamp="20210604 10:04:40.006" level="DEBUG">Click options are: {"button": "left", "clickCount": 1, "force": false, "noWaitAfter": false}</msg>
<msg timestamp="20210604 10:04:40.077" level="DEBUG">Clicked element: '//table/tbody//input[contains(@value,'Vet care')]/ancestor-or-self::tr//td/button[contains(@class,'delete-button')]' with options: '{"button": "left", "clickCount": 1, "force": false, "noWaitAfter": false}'</msg>
<msg timestamp="20210604 10:04:40.078" level="TRACE">Return: None</msg>
<status status="PASS" starttime="20210604 10:04:40.005" endtime="20210604 10:04:40.078"></status>
</kw>
<msg timestamp="20210604 10:04:40.078" level="TRACE">Return: None</msg>
<status status="PASS" starttime="20210604 10:04:40.003" endtime="20210604 10:04:40.078"></status>
</kw>
<kw name="Delete Item" library="SidePanelItemValuePO">
<arguments>
<arg>${localItemOTCCare}</arg>
</arguments>
<msg timestamp="20210604 10:04:40.079" level="TRACE">Arguments: [ ${argItemToBeDeleted}='OTC Care/supplies' ]</msg>
<kw name="Set Variable" library="BuiltIn">
<doc>Returns the given values which can then be assigned to a variables.</doc>
<arguments>
<arg>//table/tbody//input[contains(@value,'${argItemToBeDeleted}')]/ancestor-or-self::tr//td/button[contains(@class,'delete-button')]</arg>
</arguments>
<assign>
<var>${locDelItem}</var>
</assign>
<msg timestamp="20210604 10:04:40.080" level="TRACE">Arguments: [ "//table/tbody//input[contains(@value,'OTC Care/supplies')]/ancestor-or-self::tr//td/button[contains(@class,'delete-button')]" ]</msg>
<msg timestamp="20210604 10:04:40.080" level="TRACE">Return: "//table/tbody//input[contains(@value,'OTC Care/supplies')]/ancestor-or-self::tr//td/button[contains(@class,'delete-button')]"</msg>
<msg timestamp="20210604 10:04:40.081" level="INFO">${locDelItem} = //table/tbody//input[contains(@value,'OTC Care/supplies')]/ancestor-or-self::tr//td/button[contains(@class,'delete-button')]</msg>
<status status="PASS" starttime="20210604 10:04:40.080" endtime="20210604 10:04:40.081"></status>
</kw>
<kw name="Click" library="Browser">
<tags>
<tag>PageContent</tag>
<tag>Setter</tag>
</tags>
<doc>Simulates mouse click on the element found by ``selector``.</doc>
<arguments>
<arg>${locDelItem}</arg>
</arguments>
<msg timestamp="20210604 10:04:40.081" level="TRACE">Arguments: [ "//table/tbody//input[contains(@value,'OTC Care/supplies')]/ancestor-or-self::tr//td/button[contains(@class,'delete-button')]" ]</msg>
<msg timestamp="20210604 10:04:40.082" level="DEBUG">Click options are: {"button": "left", "clickCount": 1, "force": false, "noWaitAfter": false}</msg>
<msg timestamp="20210604 10:04:40.138" level="DEBUG">Clicked element: '//table/tbody//input[contains(@value,'OTC Care/supplies')]/ancestor-or-self::tr//td/button[contains(@class,'delete-button')]' with options: '{"button": "left", "clickCount": 1, "force": false, "noWaitAfter": false}'</msg>
<msg timestamp="20210604 10:04:40.138" level="TRACE">Return: None</msg>
<status status="PASS" starttime="20210604 10:04:40.081" endtime="20210604 10:04:40.138"></status>
</kw>
<msg timestamp="20210604 10:04:40.139" level="TRACE">Return: None</msg>
<status status="PASS" starttime="20210604 10:04:40.079" endtime="20210604 10:04:40.139"></status>
</kw>
<kw name="Log" library="BuiltIn">
<doc>Logs the given message with the given level.</doc>
<arguments>
<arg>=== Change chart title ===</arg>
</arguments>
<msg timestamp="20210604 10:04:40.140" level="TRACE">Arguments: [ '=== Change chart title ===' ]</msg>
<msg timestamp="20210604 10:04:40.140" level="INFO">=== Change chart title ===</msg>
<msg timestamp="20210604 10:04:40.140" level="TRACE">Return: None</msg>
<status status="PASS" starttime="20210604 10:04:40.139" endtime="20210604 10:04:40.140"></status>
</kw>
<kw name="Clear Chart Title" library="SidePanelItemValuePO">
<msg timestamp="20210604 10:04:40.142" level="TRACE">Arguments: [  ]</msg>
<kw name="Clear Text" library="Browser">
<tags>
<tag>PageContent</tag>
<tag>Setter</tag>
</tags>
<doc>Clears the text field found by ``selector``.</doc>
<arguments>
<arg>${commonLocChartTitle}</arg>
</arguments>
<msg timestamp="20210604 10:04:40.143" level="TRACE">Arguments: [ "//*[@id='chart-title']" ]</msg>
<msg timestamp="20210604 10:04:40.169" level="DEBUG">Text field cleared.</msg>
<msg timestamp="20210604 10:04:40.169" level="TRACE">Return: None</msg>
<status status="PASS" starttime="20210604 10:04:40.142" endtime="20210604 10:04:40.169"></status>
</kw>
<msg timestamp="20210604 10:04:40.170" level="TRACE">Return: None</msg>
<status status="PASS" starttime="20210604 10:04:40.141" endtime="20210604 10:04:40.170"></status>
</kw>
<kw name="Fill Chart Title" library="SidePanelItemValuePO">
<arguments>
<arg>${localChartTitle}</arg>
</arguments>
<msg timestamp="20210604 10:04:40.170" level="TRACE">Arguments: [ ${argChartTitle}='test1' ]</msg>
<kw name="Fill Text" library="Browser">
<tags>
<tag>PageContent</tag>
<tag>Setter</tag>
</tags>
<doc>Clears and fills the given ``text`` into the text field found by ``selector``.</doc>
<arguments>
<arg>${commonLocChartTitle}</arg>
<arg>${argChartTitle}</arg>
</arguments>
<msg timestamp="20210604 10:04:40.171" level="TRACE">Arguments: [ "//*[@id='chart-title']" | 'test1' ]</msg>
<msg timestamp="20210604 10:04:40.171" level="INFO">Fills the text 'test1' in the given field.</msg>
<msg timestamp="20210604 10:04:40.198" level="DEBUG">Fill text: test1</msg>
<msg timestamp="20210604 10:04:40.198" level="TRACE">Return: None</msg>
<status status="PASS" starttime="20210604 10:04:40.171" endtime="20210604 10:04:40.198"></status>
</kw>
<msg timestamp="20210604 10:04:40.199" level="TRACE">Return: None</msg>
<status status="PASS" starttime="20210604 10:04:40.170" endtime="20210604 10:04:40.199"></status>
</kw>
<kw name="Log" library="BuiltIn">
<doc>Logs the given message with the given level.</doc>
<arguments>
<arg>=== Add Items and values ===</arg>
</arguments>
<msg timestamp="20210604 10:04:40.199" level="TRACE">Arguments: [ '=== Add Items and values ===' ]</msg>
<msg timestamp="20210604 10:04:40.200" level="INFO">=== Add Items and values ===</msg>
<msg timestamp="20210604 10:04:40.200" level="TRACE">Return: None</msg>
<status status="PASS" starttime="20210604 10:04:40.199" endtime="20210604 10:04:40.200"></status>
</kw>
<kw name="Select Add Item" library="SidePanelItemValuePO">
<msg timestamp="20210604 10:04:40.201" level="TRACE">Arguments: [  ]</msg>
<kw name="Click" library="Browser">
<tags>
<tag>PageContent</tag>
<tag>Setter</tag>
</tags>
<doc>Simulates mouse click on the element found by ``selector``.</doc>
<arguments>
<arg>${commonLocAddItem}</arg>
</arguments>
<msg timestamp="20210604 10:04:40.201" level="TRACE">Arguments: [ "//button[contains(text(),'Add Item')]" ]</msg>
<msg timestamp="20210604 10:04:40.202" level="DEBUG">Click options are: {"button": "left", "clickCount": 1, "force": false, "noWaitAfter": false}</msg>
<msg timestamp="20210604 10:04:40.263" level="DEBUG">Clicked element: '//button[contains(text(),'Add Item')]' with options: '{"button": "left", "clickCount": 1, "force": false, "noWaitAfter": false}'</msg>
<msg timestamp="20210604 10:04:40.263" level="TRACE">Return: None</msg>
<status status="PASS" starttime="20210604 10:04:40.201" endtime="20210604 10:04:40.263"></status>
</kw>
<msg timestamp="20210604 10:04:40.263" level="TRACE">Return: None</msg>
<status status="PASS" starttime="20210604 10:04:40.201" endtime="20210604 10:04:40.264"></status>
</kw>
<kw name="Add Item" library="SidePanelItemValuePO">
<arguments>
<arg>${localItem1}</arg>
<arg>argRow=2</arg>
</arguments>
<msg timestamp="20210604 10:04:40.265" level="TRACE">Arguments: [ ${argItemToBeAdded}='item1' | ${argRow}='2' ]</msg>
<kw name="Set Variable" library="BuiltIn">
<doc>Returns the given values which can then be assigned to a variables.</doc>
<arguments>
<arg>//table/tbody//tr[${argRow}]//input[contains(@placeholder, 'Type to add ...')]</arg>
</arguments>
<assign>
<var>${locAddItem}</var>
</assign>
<msg timestamp="20210604 10:04:40.266" level="TRACE">Arguments: [ "//table/tbody//tr[2]//input[contains(@placeholder, 'Type to add ...')]" ]</msg>
<msg timestamp="20210604 10:04:40.266" level="TRACE">Return: "//table/tbody//tr[2]//input[contains(@placeholder, 'Type to add ...')]"</msg>
<msg timestamp="20210604 10:04:40.266" level="INFO">${locAddItem} = //table/tbody//tr[2]//input[contains(@placeholder, 'Type to add ...')]</msg>
<status status="PASS" starttime="20210604 10:04:40.265" endtime="20210604 10:04:40.266"></status>
</kw>
<kw name="Wait For Elements State" library="Browser">
<tags>
<tag>PageContent</tag>
<tag>Wait</tag>
</tags>
<doc>Waits for the element found by ``selector`` to satisfy state option.</doc>
<arguments>
<arg>${locAddItem}</arg>
<arg>state=visible</arg>
</arguments>
<msg timestamp="20210604 10:04:40.267" level="TRACE">Arguments: [ "//table/tbody//tr[2]//input[contains(@placeholder, 'Type to add ...')]" | state=&lt;ElementState.visible: 3&gt; ]</msg>
<msg timestamp="20210604 10:04:40.280" level="INFO">Wait for Element with selector: //table/tbody//tr[2]//input[contains(@placeholder, 'Type to add ...')]</msg>
<msg timestamp="20210604 10:04:40.281" level="TRACE">Return: None</msg>
<status status="PASS" starttime="20210604 10:04:40.267" endtime="20210604 10:04:40.281"></status>
</kw>
<kw name="Fill Text" library="Browser">
<tags>
<tag>PageContent</tag>
<tag>Setter</tag>
</tags>
<doc>Clears and fills the given ``text`` into the text field found by ``selector``.</doc>
<arguments>
<arg>${locAddItem}</arg>
<arg>${argItemToBeAdded}</arg>
</arguments>
<msg timestamp="20210604 10:04:40.282" level="TRACE">Arguments: [ "//table/tbody//tr[2]//input[contains(@placeholder, 'Type to add ...')]" | 'item1' ]</msg>
<msg timestamp="20210604 10:04:40.282" level="INFO">Fills the text 'item1' in the given field.</msg>
<msg timestamp="20210604 10:04:40.308" level="DEBUG">Fill text: item1</msg>
<msg timestamp="20210604 10:04:40.308" level="TRACE">Return: None</msg>
<status status="PASS" starttime="20210604 10:04:40.281" endtime="20210604 10:04:40.308"></status>
</kw>
<msg timestamp="20210604 10:04:40.308" level="TRACE">Return: None</msg>
<status status="PASS" starttime="20210604 10:04:40.264" endtime="20210604 10:04:40.308"></status>
</kw>
<kw name="Select Add Item" library="SidePanelItemValuePO">
<msg timestamp="20210604 10:04:40.309" level="TRACE">Arguments: [  ]</msg>
<kw name="Click" library="Browser">
<tags>
<tag>PageContent</tag>
<tag>Setter</tag>
</tags>
<doc>Simulates mouse click on the element found by ``selector``.</doc>
<arguments>
<arg>${commonLocAddItem}</arg>
</arguments>
<msg timestamp="20210604 10:04:40.310" level="TRACE">Arguments: [ "//button[contains(text(),'Add Item')]" ]</msg>
<msg timestamp="20210604 10:04:40.310" level="DEBUG">Click options are: {"button": "left", "clickCount": 1, "force": false, "noWaitAfter": false}</msg>
<msg timestamp="20210604 10:04:40.367" level="DEBUG">Clicked element: '//button[contains(text(),'Add Item')]' with options: '{"button": "left", "clickCount": 1, "force": false, "noWaitAfter": false}'</msg>
<msg timestamp="20210604 10:04:40.368" level="TRACE">Return: None</msg>
<status status="PASS" starttime="20210604 10:04:40.309" endtime="20210604 10:04:40.368"></status>
</kw>
<msg timestamp="20210604 10:04:40.369" level="TRACE">Return: None</msg>
<status status="PASS" starttime="20210604 10:04:40.309" endtime="20210604 10:04:40.369"></status>
</kw>
<kw name="Add Item" library="SidePanelItemValuePO">
<arguments>
<arg>${localItem2}</arg>
<arg>argRow=3</arg>
</arguments>
<msg timestamp="20210604 10:04:40.369" level="TRACE">Arguments: [ ${argItemToBeAdded}='item2' | ${argRow}='3' ]</msg>
<kw name="Set Variable" library="BuiltIn">
<doc>Returns the given values which can then be assigned to a variables.</doc>
<arguments>
<arg>//table/tbody//tr[${argRow}]//input[contains(@placeholder, 'Type to add ...')]</arg>
</arguments>
<assign>
<var>${locAddItem}</var>
</assign>
<msg timestamp="20210604 10:04:40.370" level="TRACE">Arguments: [ "//table/tbody//tr[3]//input[contains(@placeholder, 'Type to add ...')]" ]</msg>
<msg timestamp="20210604 10:04:40.370" level="TRACE">Return: "//table/tbody//tr[3]//input[contains(@placeholder, 'Type to add ...')]"</msg>
<msg timestamp="20210604 10:04:40.370" level="INFO">${locAddItem} = //table/tbody//tr[3]//input[contains(@placeholder, 'Type to add ...')]</msg>
<status status="PASS" starttime="20210604 10:04:40.370" endtime="20210604 10:04:40.370"></status>
</kw>
<kw name="Wait For Elements State" library="Browser">
<tags>
<tag>PageContent</tag>
<tag>Wait</tag>
</tags>
<doc>Waits for the element found by ``selector`` to satisfy state option.</doc>
<arguments>
<arg>${locAddItem}</arg>
<arg>state=visible</arg>
</arguments>
<msg timestamp="20210604 10:04:40.371" level="TRACE">Arguments: [ "//table/tbody//tr[3]//input[contains(@placeholder, 'Type to add ...')]" | state=&lt;ElementState.visible: 3&gt; ]</msg>
<msg timestamp="20210604 10:04:40.389" level="INFO">Wait for Element with selector: //table/tbody//tr[3]//input[contains(@placeholder, 'Type to add ...')]</msg>
<msg timestamp="20210604 10:04:40.389" level="TRACE">Return: None</msg>
<status status="PASS" starttime="20210604 10:04:40.371" endtime="20210604 10:04:40.390"></status>
</kw>
<kw name="Fill Text" library="Browser">
<tags>
<tag>PageContent</tag>
<tag>Setter</tag>
</tags>
<doc>Clears and fills the given ``text`` into the text field found by ``selector``.</doc>
<arguments>
<arg>${locAddItem}</arg>
<arg>${argItemToBeAdded}</arg>
</arguments>
<msg timestamp="20210604 10:04:40.391" level="TRACE">Arguments: [ "//table/tbody//tr[3]//input[contains(@placeholder, 'Type to add ...')]" | 'item2' ]</msg>
<msg timestamp="20210604 10:04:40.391" level="INFO">Fills the text 'item2' in the given field.</msg>
<msg timestamp="20210604 10:04:40.428" level="DEBUG">Fill text: item2</msg>
<msg timestamp="20210604 10:04:40.429" level="TRACE">Return: None</msg>
<status status="PASS" starttime="20210604 10:04:40.390" endtime="20210604 10:04:40.429"></status>
</kw>
<msg timestamp="20210604 10:04:40.429" level="TRACE">Return: None</msg>
<status status="PASS" starttime="20210604 10:04:40.369" endtime="20210604 10:04:40.429"></status>
</kw>
<kw name="Add Item Value" library="SidePanelItemValuePO">
<arguments>
<arg>${localItem2}</arg>
<arg>20</arg>
</arguments>
<msg timestamp="20210604 10:04:40.430" level="TRACE">Arguments: [ ${argItem}='item2' | ${argItemValue}='20' ]</msg>
<kw name="Set Variable" library="BuiltIn">
<doc>Returns the given values which can then be assigned to a variables.</doc>
<arguments>
<arg>//table/tbody//input[contains(@value,'${argItem}')]/ancestor-or-self::tr//td/input[contains(@class, 'item-value-input')]</arg>
</arguments>
<assign>
<var>${locAddItemValue}</var>
</assign>
<msg timestamp="20210604 10:04:40.431" level="TRACE">Arguments: [ "//table/tbody//input[contains(@value,'item2')]/ancestor-or-self::tr//td/input[contains(@class, 'item-value-input')]" ]</msg>
<msg timestamp="20210604 10:04:40.431" level="TRACE">Return: "//table/tbody//input[contains(@value,'item2')]/ancestor-or-self::tr//td/input[contains(@class, 'item-value-input')]"</msg>
<msg timestamp="20210604 10:04:40.431" level="INFO">${locAddItemValue} = //table/tbody//input[contains(@value,'item2')]/ancestor-or-self::tr//td/input[contains(@class, 'item-value-input')]</msg>
<status status="PASS" starttime="20210604 10:04:40.431" endtime="20210604 10:04:40.431"></status>
</kw>
<kw name="Click" library="Browser">
<tags>
<tag>PageContent</tag>
<tag>Setter</tag>
</tags>
<doc>Simulates mouse click on the element found by ``selector``.</doc>
<arguments>
<arg>${locAddItemValue}</arg>
</arguments>
<msg timestamp="20210604 10:04:40.432" level="TRACE">Arguments: [ "//table/tbody//input[contains(@value,'item2')]/ancestor-or-self::tr//td/input[contains(@class, 'item-value-input')]" ]</msg>
<msg timestamp="20210604 10:04:40.432" level="DEBUG">Click options are: {"button": "left", "clickCount": 1, "force": false, "noWaitAfter": false}</msg>
<msg timestamp="20210604 10:04:40.496" level="DEBUG">Clicked element: '//table/tbody//input[contains(@value,'item2')]/ancestor-or-self::tr//td/input[contains(@class, 'item-value-input')]' with options: '{"button": "left", "clickCount": 1, "force": false, "noWaitAfter": false}'</msg>
<msg timestamp="20210604 10:04:40.497" level="TRACE">Return: None</msg>
<status status="PASS" starttime="20210604 10:04:40.431" endtime="20210604 10:04:40.497"></status>
</kw>
<kw name="Clear Text" library="Browser">
<tags>
<tag>PageContent</tag>
<tag>Setter</tag>
</tags>
<doc>Clears the text field found by ``selector``.</doc>
<arguments>
<arg>${locAddItemValue}</arg>
</arguments>
<msg timestamp="20210604 10:04:40.498" level="TRACE">Arguments: [ "//table/tbody//input[contains(@value,'item2')]/ancestor-or-self::tr//td/input[contains(@class, 'item-value-input')]" ]</msg>
<msg timestamp="20210604 10:04:40.532" level="DEBUG">Text field cleared.</msg>
<msg timestamp="20210604 10:04:40.532" level="TRACE">Return: None</msg>
<status status="PASS" starttime="20210604 10:04:40.497" endtime="20210604 10:04:40.532"></status>
</kw>
<kw name="Fill Text" library="Browser">
<tags>
<tag>PageContent</tag>
<tag>Setter</tag>
</tags>
<doc>Clears and fills the given ``text`` into the text field found by ``selector``.</doc>
<arguments>
<arg>${locAddItemValue}</arg>
<arg>${argItemValue}</arg>
</arguments>
<msg timestamp="20210604 10:04:40.533" level="TRACE">Arguments: [ "//table/tbody//input[contains(@value,'item2')]/ancestor-or-self::tr//td/input[contains(@class, 'item-value-input')]" | '20' ]</msg>
<msg timestamp="20210604 10:04:40.533" level="INFO">Fills the text '20' in the given field.</msg>
<msg timestamp="20210604 10:04:40.553" level="DEBUG">Fill text: 20</msg>
<msg timestamp="20210604 10:04:40.554" level="TRACE">Return: None</msg>
<status status="PASS" starttime="20210604 10:04:40.532" endtime="20210604 10:04:40.554"></status>
</kw>
<msg timestamp="20210604 10:04:40.555" level="TRACE">Return: None</msg>
<status status="PASS" starttime="20210604 10:04:40.430" endtime="20210604 10:04:40.555"></status>
</kw>
<kw name="Select Add Item" library="SidePanelItemValuePO">
<msg timestamp="20210604 10:04:40.555" level="TRACE">Arguments: [  ]</msg>
<kw name="Click" library="Browser">
<tags>
<tag>PageContent</tag>
<tag>Setter</tag>
</tags>
<doc>Simulates mouse click on the element found by ``selector``.</doc>
<arguments>
<arg>${commonLocAddItem}</arg>
</arguments>
<msg timestamp="20210604 10:04:40.556" level="TRACE">Arguments: [ "//button[contains(text(),'Add Item')]" ]</msg>
<msg timestamp="20210604 10:04:40.556" level="DEBUG">Click options are: {"button": "left", "clickCount": 1, "force": false, "noWaitAfter": false}</msg>
<msg timestamp="20210604 10:04:40.615" level="DEBUG">Clicked element: '//button[contains(text(),'Add Item')]' with options: '{"button": "left", "clickCount": 1, "force": false, "noWaitAfter": false}'</msg>
<msg timestamp="20210604 10:04:40.616" level="TRACE">Return: None</msg>
<status status="PASS" starttime="20210604 10:04:40.556" endtime="20210604 10:04:40.617"></status>
</kw>
<msg timestamp="20210604 10:04:40.618" level="TRACE">Return: None</msg>
<status status="PASS" starttime="20210604 10:04:40.555" endtime="20210604 10:04:40.618"></status>
</kw>
<kw name="Add Item" library="SidePanelItemValuePO">
<arguments>
<arg>${localItem3}</arg>
<arg>argRow=4</arg>
</arguments>
<msg timestamp="20210604 10:04:40.619" level="TRACE">Arguments: [ ${argItemToBeAdded}='item3' | ${argRow}='4' ]</msg>
<kw name="Set Variable" library="BuiltIn">
<doc>Returns the given values which can then be assigned to a variables.</doc>
<arguments>
<arg>//table/tbody//tr[${argRow}]//input[contains(@placeholder, 'Type to add ...')]</arg>
</arguments>
<assign>
<var>${locAddItem}</var>
</assign>
<msg timestamp="20210604 10:04:40.619" level="TRACE">Arguments: [ "//table/tbody//tr[4]//input[contains(@placeholder, 'Type to add ...')]" ]</msg>
<msg timestamp="20210604 10:04:40.619" level="TRACE">Return: "//table/tbody//tr[4]//input[contains(@placeholder, 'Type to add ...')]"</msg>
<msg timestamp="20210604 10:04:40.620" level="INFO">${locAddItem} = //table/tbody//tr[4]//input[contains(@placeholder, 'Type to add ...')]</msg>
<status status="PASS" starttime="20210604 10:04:40.619" endtime="20210604 10:04:40.620"></status>
</kw>
<kw name="Wait For Elements State" library="Browser">
<tags>
<tag>PageContent</tag>
<tag>Wait</tag>
</tags>
<doc>Waits for the element found by ``selector`` to satisfy state option.</doc>
<arguments>
<arg>${locAddItem}</arg>
<arg>state=visible</arg>
</arguments>
<msg timestamp="20210604 10:04:40.620" level="TRACE">Arguments: [ "//table/tbody//tr[4]//input[contains(@placeholder, 'Type to add ...')]" | state=&lt;ElementState.visible: 3&gt; ]</msg>
<msg timestamp="20210604 10:04:40.629" level="INFO">Wait for Element with selector: //table/tbody//tr[4]//input[contains(@placeholder, 'Type to add ...')]</msg>
<msg timestamp="20210604 10:04:40.630" level="TRACE">Return: None</msg>
<status status="PASS" starttime="20210604 10:04:40.620" endtime="20210604 10:04:40.630"></status>
</kw>
<kw name="Fill Text" library="Browser">
<tags>
<tag>PageContent</tag>
<tag>Setter</tag>
</tags>
<doc>Clears and fills the given ``text`` into the text field found by ``selector``.</doc>
<arguments>
<arg>${locAddItem}</arg>
<arg>${argItemToBeAdded}</arg>
</arguments>
<msg timestamp="20210604 10:04:40.630" level="TRACE">Arguments: [ "//table/tbody//tr[4]//input[contains(@placeholder, 'Type to add ...')]" | 'item3' ]</msg>
<msg timestamp="20210604 10:04:40.631" level="INFO">Fills the text 'item3' in the given field.</msg>
<msg timestamp="20210604 10:04:40.663" level="DEBUG">Fill text: item3</msg>
<msg timestamp="20210604 10:04:40.663" level="TRACE">Return: None</msg>
<status status="PASS" starttime="20210604 10:04:40.630" endtime="20210604 10:04:40.663"></status>
</kw>
<msg timestamp="20210604 10:04:40.664" level="TRACE">Return: None</msg>
<status status="PASS" starttime="20210604 10:04:40.618" endtime="20210604 10:04:40.664"></status>
</kw>
<kw name="Add Item Value" library="SidePanelItemValuePO">
<arguments>
<arg>${localItem3}</arg>
<arg>30</arg>
</arguments>
<msg timestamp="20210604 10:04:40.664" level="TRACE">Arguments: [ ${argItem}='item3' | ${argItemValue}='30' ]</msg>
<kw name="Set Variable" library="BuiltIn">
<doc>Returns the given values which can then be assigned to a variables.</doc>
<arguments>
<arg>//table/tbody//input[contains(@value,'${argItem}')]/ancestor-or-self::tr//td/input[contains(@class, 'item-value-input')]</arg>
</arguments>
<assign>
<var>${locAddItemValue}</var>
</assign>
<msg timestamp="20210604 10:04:40.665" level="TRACE">Arguments: [ "//table/tbody//input[contains(@value,'item3')]/ancestor-or-self::tr//td/input[contains(@class, 'item-value-input')]" ]</msg>
<msg timestamp="20210604 10:04:40.665" level="TRACE">Return: "//table/tbody//input[contains(@value,'item3')]/ancestor-or-self::tr//td/input[contains(@class, 'item-value-input')]"</msg>
<msg timestamp="20210604 10:04:40.665" level="INFO">${locAddItemValue} = //table/tbody//input[contains(@value,'item3')]/ancestor-or-self::tr//td/input[contains(@class, 'item-value-input')]</msg>
<status status="PASS" starttime="20210604 10:04:40.665" endtime="20210604 10:04:40.665"></status>
</kw>
<kw name="Click" library="Browser">
<tags>
<tag>PageContent</tag>
<tag>Setter</tag>
</tags>
<doc>Simulates mouse click on the element found by ``selector``.</doc>
<arguments>
<arg>${locAddItemValue}</arg>
</arguments>
<msg timestamp="20210604 10:04:40.666" level="TRACE">Arguments: [ "//table/tbody//input[contains(@value,'item3')]/ancestor-or-self::tr//td/input[contains(@class, 'item-value-input')]" ]</msg>
<msg timestamp="20210604 10:04:40.666" level="DEBUG">Click options are: {"button": "left", "clickCount": 1, "force": false, "noWaitAfter": false}</msg>
<msg timestamp="20210604 10:04:40.711" level="DEBUG">Clicked element: '//table/tbody//input[contains(@value,'item3')]/ancestor-or-self::tr//td/input[contains(@class, 'item-value-input')]' with options: '{"button": "left", "clickCount": 1, "force": false, "noWaitAfter": false}'</msg>
<msg timestamp="20210604 10:04:40.711" level="TRACE">Return: None</msg>
<status status="PASS" starttime="20210604 10:04:40.665" endtime="20210604 10:04:40.712"></status>
</kw>
<kw name="Clear Text" library="Browser">
<tags>
<tag>PageContent</tag>
<tag>Setter</tag>
</tags>
<doc>Clears the text field found by ``selector``.</doc>
<arguments>
<arg>${locAddItemValue}</arg>
</arguments>
<msg timestamp="20210604 10:04:40.712" level="TRACE">Arguments: [ "//table/tbody//input[contains(@value,'item3')]/ancestor-or-self::tr//td/input[contains(@class, 'item-value-input')]" ]</msg>
<msg timestamp="20210604 10:04:40.734" level="DEBUG">Text field cleared.</msg>
<msg timestamp="20210604 10:04:40.734" level="TRACE">Return: None</msg>
<status status="PASS" starttime="20210604 10:04:40.712" endtime="20210604 10:04:40.734"></status>
</kw>
<kw name="Fill Text" library="Browser">
<tags>
<tag>PageContent</tag>
<tag>Setter</tag>
</tags>
<doc>Clears and fills the given ``text`` into the text field found by ``selector``.</doc>
<arguments>
<arg>${locAddItemValue}</arg>
<arg>${argItemValue}</arg>
</arguments>
<msg timestamp="20210604 10:04:40.735" level="TRACE">Arguments: [ "//table/tbody//input[contains(@value,'item3')]/ancestor-or-self::tr//td/input[contains(@class, 'item-value-input')]" | '30' ]</msg>
<msg timestamp="20210604 10:04:40.735" level="INFO">Fills the text '30' in the given field.</msg>
<msg timestamp="20210604 10:04:40.756" level="DEBUG">Fill text: 30</msg>
<msg timestamp="20210604 10:04:40.756" level="TRACE">Return: None</msg>
<status status="PASS" starttime="20210604 10:04:40.734" endtime="20210604 10:04:40.757"></status>
</kw>
<msg timestamp="20210604 10:04:40.757" level="TRACE">Return: None</msg>
<status status="PASS" starttime="20210604 10:04:40.664" endtime="20210604 10:04:40.757"></status>
</kw>
<kw name="Log" library="BuiltIn">
<doc>Logs the given message with the given level.</doc>
<arguments>
<arg>=== Verify chart entries ===</arg>
</arguments>
<msg timestamp="20210604 10:04:40.758" level="TRACE">Arguments: [ '=== Verify chart entries ===' ]</msg>
<msg timestamp="20210604 10:04:40.758" level="INFO">=== Verify chart entries ===</msg>
<msg timestamp="20210604 10:04:40.758" level="TRACE">Return: None</msg>
<status status="PASS" starttime="20210604 10:04:40.758" endtime="20210604 10:04:40.758"></status>
</kw>
<kw name="Verify Chart Title" library="ChartLayoutPO">
<arguments>
<arg>${localChartTitle}</arg>
</arguments>
<msg timestamp="20210604 10:04:40.759" level="TRACE">Arguments: [ ${argTitle}='test1' ]</msg>
<kw name="Set Variable" library="BuiltIn">
<doc>Returns the given values which can then be assigned to a variables.</doc>
<arguments>
<arg>//div[contains(@class,'layout')]//*[contains(text(),'${argTitle}')]</arg>
</arguments>
<assign>
<var>${locChartTitle}</var>
</assign>
<msg timestamp="20210604 10:04:40.760" level="TRACE">Arguments: [ "//div[contains(@class,'layout')]//*[contains(text(),'test1')]" ]</msg>
<msg timestamp="20210604 10:04:40.760" level="TRACE">Return: "//div[contains(@class,'layout')]//*[contains(text(),'test1')]"</msg>
<msg timestamp="20210604 10:04:40.760" level="INFO">${locChartTitle} = //div[contains(@class,'layout')]//*[contains(text(),'test1')]</msg>
<status status="PASS" starttime="20210604 10:04:40.759" endtime="20210604 10:04:40.760"></status>
</kw>
<kw name="Wait For Elements State" library="Browser">
<tags>
<tag>PageContent</tag>
<tag>Wait</tag>
</tags>
<doc>Waits for the element found by ``selector`` to satisfy state option.</doc>
<arguments>
<arg>${locChartTitle}</arg>
<arg>state=visible</arg>
</arguments>
<msg timestamp="20210604 10:04:40.761" level="TRACE">Arguments: [ "//div[contains(@class,'layout')]//*[contains(text(),'test1')]" | state=&lt;ElementState.visible: 3&gt; ]</msg>
<msg timestamp="20210604 10:04:40.771" level="INFO">Wait for Element with selector: //div[contains(@class,'layout')]//*[contains(text(),'test1')]</msg>
<msg timestamp="20210604 10:04:40.771" level="TRACE">Return: None</msg>
<status status="PASS" starttime="20210604 10:04:40.760" endtime="20210604 10:04:40.771"></status>
</kw>
<msg timestamp="20210604 10:04:40.771" level="TRACE">Return: None</msg>
<status status="PASS" starttime="20210604 10:04:40.759" endtime="20210604 10:04:40.771"></status>
</kw>
<kw name="Verify Chart Contains Items" library="ChartLayoutPO">
<arguments>
<arg>${localItem1}</arg>
</arguments>
<msg timestamp="20210604 10:04:40.772" level="TRACE">Arguments: [ ${argItem}='item1' ]</msg>
<kw name="Set Variable" library="BuiltIn">
<doc>Returns the given values which can then be assigned to a variables.</doc>
<arguments>
<arg>//div[contains(@class,'layout')]//*[contains(text(),'${argItem}')]</arg>
</arguments>
<assign>
<var>${locChartItem}</var>
</assign>
<msg timestamp="20210604 10:04:40.773" level="TRACE">Arguments: [ "//div[contains(@class,'layout')]//*[contains(text(),'item1')]" ]</msg>
<msg timestamp="20210604 10:04:40.773" level="TRACE">Return: "//div[contains(@class,'layout')]//*[contains(text(),'item1')]"</msg>
<msg timestamp="20210604 10:04:40.773" level="INFO">${locChartItem} = //div[contains(@class,'layout')]//*[contains(text(),'item1')]</msg>
<status status="PASS" starttime="20210604 10:04:40.773" endtime="20210604 10:04:40.774"></status>
</kw>
<kw name="Wait For Elements State" library="Browser">
<tags>
<tag>PageContent</tag>
<tag>Wait</tag>
</tags>
<doc>Waits for the element found by ``selector`` to satisfy state option.</doc>
<arguments>
<arg>${locChartItem}</arg>
<arg>state=visible</arg>
</arguments>
<msg timestamp="20210604 10:04:40.774" level="TRACE">Arguments: [ "//div[contains(@class,'layout')]//*[contains(text(),'item1')]" | state=&lt;ElementState.visible: 3&gt; ]</msg>
<msg timestamp="20210604 10:04:40.784" level="INFO">Wait for Element with selector: //div[contains(@class,'layout')]//*[contains(text(),'item1')]</msg>
<msg timestamp="20210604 10:04:40.784" level="TRACE">Return: None</msg>
<status status="PASS" starttime="20210604 10:04:40.774" endtime="20210604 10:04:40.784"></status>
</kw>
<msg timestamp="20210604 10:04:40.785" level="TRACE">Return: None</msg>
<status status="PASS" starttime="20210604 10:04:40.772" endtime="20210604 10:04:40.785"></status>
</kw>
<kw name="Verify Chart Contains Items" library="ChartLayoutPO">
<arguments>
<arg>${localItem2}</arg>
</arguments>
<msg timestamp="20210604 10:04:40.785" level="TRACE">Arguments: [ ${argItem}='item2' ]</msg>
<kw name="Set Variable" library="BuiltIn">
<doc>Returns the given values which can then be assigned to a variables.</doc>
<arguments>
<arg>//div[contains(@class,'layout')]//*[contains(text(),'${argItem}')]</arg>
</arguments>
<assign>
<var>${locChartItem}</var>
</assign>
<msg timestamp="20210604 10:04:40.786" level="TRACE">Arguments: [ "//div[contains(@class,'layout')]//*[contains(text(),'item2')]" ]</msg>
<msg timestamp="20210604 10:04:40.786" level="TRACE">Return: "//div[contains(@class,'layout')]//*[contains(text(),'item2')]"</msg>
<msg timestamp="20210604 10:04:40.786" level="INFO">${locChartItem} = //div[contains(@class,'layout')]//*[contains(text(),'item2')]</msg>
<status status="PASS" starttime="20210604 10:04:40.786" endtime="20210604 10:04:40.786"></status>
</kw>
<kw name="Wait For Elements State" library="Browser">
<tags>
<tag>PageContent</tag>
<tag>Wait</tag>
</tags>
<doc>Waits for the element found by ``selector`` to satisfy state option.</doc>
<arguments>
<arg>${locChartItem}</arg>
<arg>state=visible</arg>
</arguments>
<msg timestamp="20210604 10:04:40.787" level="TRACE">Arguments: [ "//div[contains(@class,'layout')]//*[contains(text(),'item2')]" | state=&lt;ElementState.visible: 3&gt; ]</msg>
<msg timestamp="20210604 10:04:40.795" level="INFO">Wait for Element with selector: //div[contains(@class,'layout')]//*[contains(text(),'item2')]</msg>
<msg timestamp="20210604 10:04:40.795" level="TRACE">Return: None</msg>
<status status="PASS" starttime="20210604 10:04:40.787" endtime="20210604 10:04:40.795"></status>
</kw>
<msg timestamp="20210604 10:04:40.795" level="TRACE">Return: None</msg>
<status status="PASS" starttime="20210604 10:04:40.785" endtime="20210604 10:04:40.795"></status>
</kw>
<kw name="Verify Chart Contains Items" library="ChartLayoutPO">
<arguments>
<arg>${localItem3}</arg>
</arguments>
<msg timestamp="20210604 10:04:40.796" level="TRACE">Arguments: [ ${argItem}='item3' ]</msg>
<kw name="Set Variable" library="BuiltIn">
<doc>Returns the given values which can then be assigned to a variables.</doc>
<arguments>
<arg>//div[contains(@class,'layout')]//*[contains(text(),'${argItem}')]</arg>
</arguments>
<assign>
<var>${locChartItem}</var>
</assign>
<msg timestamp="20210604 10:04:40.797" level="TRACE">Arguments: [ "//div[contains(@class,'layout')]//*[contains(text(),'item3')]" ]</msg>
<msg timestamp="20210604 10:04:40.797" level="TRACE">Return: "//div[contains(@class,'layout')]//*[contains(text(),'item3')]"</msg>
<msg timestamp="20210604 10:04:40.797" level="INFO">${locChartItem} = //div[contains(@class,'layout')]//*[contains(text(),'item3')]</msg>
<status status="PASS" starttime="20210604 10:04:40.797" endtime="20210604 10:04:40.797"></status>
</kw>
<kw name="Wait For Elements State" library="Browser">
<tags>
<tag>PageContent</tag>
<tag>Wait</tag>
</tags>
<doc>Waits for the element found by ``selector`` to satisfy state option.</doc>
<arguments>
<arg>${locChartItem}</arg>
<arg>state=visible</arg>
</arguments>
<msg timestamp="20210604 10:04:40.798" level="TRACE">Arguments: [ "//div[contains(@class,'layout')]//*[contains(text(),'item3')]" | state=&lt;ElementState.visible: 3&gt; ]</msg>
<msg timestamp="20210604 10:04:40.806" level="INFO">Wait for Element with selector: //div[contains(@class,'layout')]//*[contains(text(),'item3')]</msg>
<msg timestamp="20210604 10:04:40.806" level="TRACE">Return: None</msg>
<status status="PASS" starttime="20210604 10:04:40.798" endtime="20210604 10:04:40.806"></status>
</kw>
<msg timestamp="20210604 10:04:40.807" level="TRACE">Return: None</msg>
<status status="PASS" starttime="20210604 10:04:40.796" endtime="20210604 10:04:40.807"></status>
</kw>
<kw name="Verify Chart Contains Values" library="ChartLayoutPO">
<arguments>
<arg>10</arg>
</arguments>
<msg timestamp="20210604 10:04:40.807" level="TRACE">Arguments: [ ${argValue}='10' ]</msg>
<kw name="Set Variable" library="BuiltIn">
<doc>Returns the given values which can then be assigned to a variables.</doc>
<arguments>
<arg>//div[contains(@class,'layout')]//*[contains(text(),'${argValue}')]</arg>
</arguments>
<assign>
<var>${locChartValue}</var>
</assign>
<msg timestamp="20210604 10:04:40.808" level="TRACE">Arguments: [ "//div[contains(@class,'layout')]//*[contains(text(),'10')]" ]</msg>
<msg timestamp="20210604 10:04:40.808" level="TRACE">Return: "//div[contains(@class,'layout')]//*[contains(text(),'10')]"</msg>
<msg timestamp="20210604 10:04:40.808" level="INFO">${locChartValue} = //div[contains(@class,'layout')]//*[contains(text(),'10')]</msg>
<status status="PASS" starttime="20210604 10:04:40.808" endtime="20210604 10:04:40.808"></status>
</kw>
<kw name="Wait For Elements State" library="Browser">
<tags>
<tag>PageContent</tag>
<tag>Wait</tag>
</tags>
<doc>Waits for the element found by ``selector`` to satisfy state option.</doc>
<arguments>
<arg>${locChartValue}</arg>
<arg>state=visible</arg>
</arguments>
<msg timestamp="20210604 10:04:40.809" level="TRACE">Arguments: [ "//div[contains(@class,'layout')]//*[contains(text(),'10')]" | state=&lt;ElementState.visible: 3&gt; ]</msg>
<msg timestamp="20210604 10:04:40.816" level="INFO">Wait for Element with selector: //div[contains(@class,'layout')]//*[contains(text(),'10')]</msg>
<msg timestamp="20210604 10:04:40.816" level="TRACE">Return: None</msg>
<status status="PASS" starttime="20210604 10:04:40.808" endtime="20210604 10:04:40.816"></status>
</kw>
<msg timestamp="20210604 10:04:40.817" level="TRACE">Return: None</msg>
<status status="PASS" starttime="20210604 10:04:40.807" endtime="20210604 10:04:40.817"></status>
</kw>
<kw name="Verify Chart Contains Values" library="ChartLayoutPO">
<arguments>
<arg>20</arg>
</arguments>
<msg timestamp="20210604 10:04:40.817" level="TRACE">Arguments: [ ${argValue}='20' ]</msg>
<kw name="Set Variable" library="BuiltIn">
<doc>Returns the given values which can then be assigned to a variables.</doc>
<arguments>
<arg>//div[contains(@class,'layout')]//*[contains(text(),'${argValue}')]</arg>
</arguments>
<assign>
<var>${locChartValue}</var>
</assign>
<msg timestamp="20210604 10:04:40.818" level="TRACE">Arguments: [ "//div[contains(@class,'layout')]//*[contains(text(),'20')]" ]</msg>
<msg timestamp="20210604 10:04:40.818" level="TRACE">Return: "//div[contains(@class,'layout')]//*[contains(text(),'20')]"</msg>
<msg timestamp="20210604 10:04:40.818" level="INFO">${locChartValue} = //div[contains(@class,'layout')]//*[contains(text(),'20')]</msg>
<status status="PASS" starttime="20210604 10:04:40.817" endtime="20210604 10:04:40.818"></status>
</kw>
<kw name="Wait For Elements State" library="Browser">
<tags>
<tag>PageContent</tag>
<tag>Wait</tag>
</tags>
<doc>Waits for the element found by ``selector`` to satisfy state option.</doc>
<arguments>
<arg>${locChartValue}</arg>
<arg>state=visible</arg>
</arguments>
<msg timestamp="20210604 10:04:40.819" level="TRACE">Arguments: [ "//div[contains(@class,'layout')]//*[contains(text(),'20')]" | state=&lt;ElementState.visible: 3&gt; ]</msg>
<msg timestamp="20210604 10:04:40.827" level="INFO">Wait for Element with selector: //div[contains(@class,'layout')]//*[contains(text(),'20')]</msg>
<msg timestamp="20210604 10:04:40.827" level="TRACE">Return: None</msg>
<status status="PASS" starttime="20210604 10:04:40.818" endtime="20210604 10:04:40.827"></status>
</kw>
<msg timestamp="20210604 10:04:40.828" level="TRACE">Return: None</msg>
<status status="PASS" starttime="20210604 10:04:40.817" endtime="20210604 10:04:40.828"></status>
</kw>
<kw name="Verify Chart Contains Values" library="ChartLayoutPO">
<arguments>
<arg>30</arg>
</arguments>
<msg timestamp="20210604 10:04:40.829" level="TRACE">Arguments: [ ${argValue}='30' ]</msg>
<kw name="Set Variable" library="BuiltIn">
<doc>Returns the given values which can then be assigned to a variables.</doc>
<arguments>
<arg>//div[contains(@class,'layout')]//*[contains(text(),'${argValue}')]</arg>
</arguments>
<assign>
<var>${locChartValue}</var>
</assign>
<msg timestamp="20210604 10:04:40.829" level="TRACE">Arguments: [ "//div[contains(@class,'layout')]//*[contains(text(),'30')]" ]</msg>
<msg timestamp="20210604 10:04:40.829" level="TRACE">Return: "//div[contains(@class,'layout')]//*[contains(text(),'30')]"</msg>
<msg timestamp="20210604 10:04:40.830" level="INFO">${locChartValue} = //div[contains(@class,'layout')]//*[contains(text(),'30')]</msg>
<status status="PASS" starttime="20210604 10:04:40.829" endtime="20210604 10:04:40.830"></status>
</kw>
<kw name="Wait For Elements State" library="Browser">
<tags>
<tag>PageContent</tag>
<tag>Wait</tag>
</tags>
<doc>Waits for the element found by ``selector`` to satisfy state option.</doc>
<arguments>
<arg>${locChartValue}</arg>
<arg>state=visible</arg>
</arguments>
<msg timestamp="20210604 10:04:40.830" level="TRACE">Arguments: [ "//div[contains(@class,'layout')]//*[contains(text(),'30')]" | state=&lt;ElementState.visible: 3&gt; ]</msg>
<msg timestamp="20210604 10:04:40.839" level="INFO">Wait for Element with selector: //div[contains(@class,'layout')]//*[contains(text(),'30')]</msg>
<msg timestamp="20210604 10:04:40.839" level="TRACE">Return: None</msg>
<status status="PASS" starttime="20210604 10:04:40.830" endtime="20210604 10:04:40.839"></status>
</kw>
<msg timestamp="20210604 10:04:40.840" level="TRACE">Return: None</msg>
<status status="PASS" starttime="20210604 10:04:40.828" endtime="20210604 10:04:40.840"></status>
</kw>
<kw name="Verify Identical Color Count" library="ChartLayoutPO">
<arguments>
<arg>2</arg>
</arguments>
<msg timestamp="20210604 10:04:40.840" level="TRACE">Arguments: [ ${argCount}='2' ]</msg>
<kw name="Get Element Count" library="Browser">
<tags>
<tag>Assertion</tag>
<tag>Getter</tag>
<tag>PageContent</tag>
</tags>
<doc>Returns the count of elements found with ``selector``.</doc>
<arguments>
<arg>${locIdenticalColor}</arg>
<arg>==</arg>
<arg>${argCount}</arg>
</arguments>
<msg timestamp="20210604 10:04:40.841" level="TRACE">Arguments: [ "//div[contains(@class,'layout')]//*[contains(@fill,'#20336e')]" | &lt;AssertionOperator.equal: '=='&gt; | '2' ]</msg>
<msg timestamp="20210604 10:04:40.850" level="DEBUG">Assertion polling statistics:
First element asserted in: 0.008999109268188477 seconds
Total tries: 1
Elapsed time in retries 0.0 seconds</msg>
<msg timestamp="20210604 10:04:40.850" level="TRACE">Return: 2</msg>
<status status="PASS" starttime="20210604 10:04:40.841" endtime="20210604 10:04:40.850"></status>
</kw>
<msg timestamp="20210604 10:04:40.851" level="TRACE">Return: None</msg>
<status status="PASS" starttime="20210604 10:04:40.840" endtime="20210604 10:04:40.851"></status>
</kw>
<kw name="Verify Value Sum" library="ChartLayoutPO">
<arguments>
<arg>60</arg>
</arguments>
<msg timestamp="20210604 10:04:40.851" level="TRACE">Arguments: [ ${argTotal}='60' ]</msg>
<kw name="Set Variable" library="BuiltIn">
<doc>Returns the given values which can then be assigned to a variables.</doc>
<arguments>
<arg>//div[contains(@class,'layout')]//*[contains(text(),'${argTotal}')]</arg>
</arguments>
<assign>
<var>${locSum}</var>
</assign>
<msg timestamp="20210604 10:04:40.852" level="TRACE">Arguments: [ "//div[contains(@class,'layout')]//*[contains(text(),'60')]" ]</msg>
<msg timestamp="20210604 10:04:40.852" level="TRACE">Return: "//div[contains(@class,'layout')]//*[contains(text(),'60')]"</msg>
<msg timestamp="20210604 10:04:40.852" level="INFO">${locSum} = //div[contains(@class,'layout')]//*[contains(text(),'60')]</msg>
<status status="PASS" starttime="20210604 10:04:40.852" endtime="20210604 10:04:40.853"></status>
</kw>
<kw name="Wait For Elements State" library="Browser">
<tags>
<tag>PageContent</tag>
<tag>Wait</tag>
</tags>
<doc>Waits for the element found by ``selector`` to satisfy state option.</doc>
<arguments>
<arg>${locSum}</arg>
<arg>state=visible</arg>
</arguments>
<msg timestamp="20210604 10:04:40.853" level="TRACE">Arguments: [ "//div[contains(@class,'layout')]//*[contains(text(),'60')]" | state=&lt;ElementState.visible: 3&gt; ]</msg>
<msg timestamp="20210604 10:04:40.860" level="INFO">Wait for Element with selector: //div[contains(@class,'layout')]//*[contains(text(),'60')]</msg>
<msg timestamp="20210604 10:04:40.860" level="TRACE">Return: None</msg>
<status status="PASS" starttime="20210604 10:04:40.853" endtime="20210604 10:04:40.860"></status>
</kw>
<msg timestamp="20210604 10:04:40.861" level="TRACE">Return: None</msg>
<status status="PASS" starttime="20210604 10:04:40.851" endtime="20210604 10:04:40.861"></status>
</kw>
<kw name="Stop Gif Recording" library="ScreenCapLibrary" type="teardown">
<doc>Stops the GIF recording and generates the file. If ``embed`` argument was set to ``True`` the
GIF will be displayed in the log file.</doc>
<msg timestamp="20210604 10:04:40.861" level="TRACE">Arguments: [  ]</msg>
<msg timestamp="20210604 10:04:40.878" level="INFO" html="yes">&lt;a href="screenshot_1.gif"&gt;&lt;img src="screenshot_1.gif" width="800px"&gt;&lt;/a&gt;</msg>
<msg timestamp="20210604 10:04:41.017" level="TRACE">Return: 'C:\\Users\\pgo\\eclipse-workspace\\ChartGeneration\\screenshot_1.gif'</msg>
<status status="PASS" starttime="20210604 10:04:40.861" endtime="20210604 10:04:41.017"></status>
</kw>
<doc>Test covers deletion &amp; addition of items &amp; values
along with verification of pie chart.</doc>
<status status="PASS" starttime="20210604 10:04:37.493" endtime="20210604 10:04:41.017" critical="yes"></status>
</test>
<status status="PASS" starttime="20210604 10:04:37.193" endtime="20210604 10:04:41.181"></status>
</suite>
<status status="PASS" starttime="20210604 10:04:37.190" endtime="20210604 10:04:41.187"></status>
</suite>
<suite id="s1-s1-s1-s2" name="Design" source="C:\Users\pgo\eclipse-workspace\ChartGeneration\ChartGenerationUI\Tests\Design">
<suite id="s1-s1-s1-s2-s1" name="DesignBarChartItems" source="C:\Users\pgo\eclipse-workspace\ChartGeneration\ChartGenerationUI\Tests\Design\DesignBarChartItems.robot">
<test id="s1-s1-s1-s2-s1-t1" name="Verify Bar Chart View when items added">
<kw name="Start Gif Recording" library="ScreenCapLibrary" type="setup">
<doc>Starts the recording of a GIF in the background with the specified ``name``.
The recording can be stopped by calling the `Stop Gif Recording` keyword.</doc>
<msg timestamp="20210604 10:04:41.233" level="TRACE">Arguments: [  ]</msg>
<msg timestamp="20210604 10:04:41.237" level="TRACE">Return: None</msg>
<status status="PASS" starttime="20210604 10:04:41.233" endtime="20210604 10:04:41.238"></status>
</kw>
<kw name="New Page" library="Browser">
<tags>
<tag>BrowserControl</tag>
<tag>Setter</tag>
</tags>
<doc>Open a new Page. A Page is the Playwright equivalent to a tab.
See `Browser, Context and Page` for more information about Page concept.
Returns a stable identifier for the created page.</doc>
<arguments>
<arg>${envVarURL}</arg>
</arguments>
<msg timestamp="20210604 10:04:41.238" level="TRACE">Arguments: [ 'https://spark.adobe.com/express-apps/chart/' ]</msg>
<msg timestamp="20210604 10:04:42.951" level="INFO">Successfully initialized new page object and opened url: https://spark.adobe.com/express-apps/chart/</msg>
<msg timestamp="20210604 10:04:42.951" level="DEBUG">Video is not enabled.</msg>
<msg timestamp="20210604 10:04:42.952" level="TRACE">Return: 'page=6d80d47e-8c6a-4f8b-9845-f68713d201d3'</msg>
<status status="PASS" starttime="20210604 10:04:41.238" endtime="20210604 10:04:42.952"></status>
</kw>
<kw name="Log" library="BuiltIn">
<doc>Logs the given message with the given level.</doc>
<arguments>
<arg>=== Delete existing items ===</arg>
</arguments>
<msg timestamp="20210604 10:04:42.954" level="TRACE">Arguments: [ '=== Delete existing items ===' ]</msg>
<msg timestamp="20210604 10:04:42.955" level="INFO">=== Delete existing items ===</msg>
<msg timestamp="20210604 10:04:42.955" level="TRACE">Return: None</msg>
<status status="PASS" starttime="20210604 10:04:42.953" endtime="20210604 10:04:42.955"></status>
</kw>
<kw name="Delete Item" library="SidePanelItemValuePO">
<arguments>
<arg>${localItemAnimlPurchse}</arg>
</arguments>
<msg timestamp="20210604 10:04:42.956" level="TRACE">Arguments: [ ${argItemToBeDeleted}='Animal purchases' ]</msg>
<kw name="Set Variable" library="BuiltIn">
<doc>Returns the given values which can then be assigned to a variables.</doc>
<arguments>
<arg>//table/tbody//input[contains(@value,'${argItemToBeDeleted}')]/ancestor-or-self::tr//td/button[contains(@class,'delete-button')]</arg>
</arguments>
<assign>
<var>${locDelItem}</var>
</assign>
<msg timestamp="20210604 10:04:42.957" level="TRACE">Arguments: [ "//table/tbody//input[contains(@value,'Animal purchases')]/ancestor-or-self::tr//td/button[contains(@class,'delete-button')]" ]</msg>
<msg timestamp="20210604 10:04:42.957" level="TRACE">Return: "//table/tbody//input[contains(@value,'Animal purchases')]/ancestor-or-self::tr//td/button[contains(@class,'delete-button')]"</msg>
<msg timestamp="20210604 10:04:42.962" level="INFO">${locDelItem} = //table/tbody//input[contains(@value,'Animal purchases')]/ancestor-or-self::tr//td/button[contains(@class,'delete-button')]</msg>
<status status="PASS" starttime="20210604 10:04:42.956" endtime="20210604 10:04:42.962"></status>
</kw>
<kw name="Click" library="Browser">
<tags>
<tag>PageContent</tag>
<tag>Setter</tag>
</tags>
<doc>Simulates mouse click on the element found by ``selector``.</doc>
<arguments>
<arg>${locDelItem}</arg>
</arguments>
<msg timestamp="20210604 10:04:42.963" level="TRACE">Arguments: [ "//table/tbody//input[contains(@value,'Animal purchases')]/ancestor-or-self::tr//td/button[contains(@class,'delete-button')]" ]</msg>
<msg timestamp="20210604 10:04:42.964" level="DEBUG">Click options are: {"button": "left", "clickCount": 1, "force": false, "noWaitAfter": false}</msg>
<msg timestamp="20210604 10:04:43.120" level="DEBUG">Clicked element: '//table/tbody//input[contains(@value,'Animal purchases')]/ancestor-or-self::tr//td/button[contains(@class,'delete-button')]' with options: '{"button": "left", "clickCount": 1, "force": false, "noWaitAfter": false}'</msg>
<msg timestamp="20210604 10:04:43.120" level="TRACE">Return: None</msg>
<status status="PASS" starttime="20210604 10:04:42.963" endtime="20210604 10:04:43.120"></status>
</kw>
<msg timestamp="20210604 10:04:43.120" level="TRACE">Return: None</msg>
<status status="PASS" starttime="20210604 10:04:42.956" endtime="20210604 10:04:43.121"></status>
</kw>
<kw name="Delete Item" library="SidePanelItemValuePO">
<arguments>
<arg>${localItemFood}</arg>
</arguments>
<msg timestamp="20210604 10:04:43.121" level="TRACE">Arguments: [ ${argItemToBeDeleted}='Food' ]</msg>
<kw name="Set Variable" library="BuiltIn">
<doc>Returns the given values which can then be assigned to a variables.</doc>
<arguments>
<arg>//table/tbody//input[contains(@value,'${argItemToBeDeleted}')]/ancestor-or-self::tr//td/button[contains(@class,'delete-button')]</arg>
</arguments>
<assign>
<var>${locDelItem}</var>
</assign>
<msg timestamp="20210604 10:04:43.122" level="TRACE">Arguments: [ "//table/tbody//input[contains(@value,'Food')]/ancestor-or-self::tr//td/button[contains(@class,'delete-button')]" ]</msg>
<msg timestamp="20210604 10:04:43.122" level="TRACE">Return: "//table/tbody//input[contains(@value,'Food')]/ancestor-or-self::tr//td/button[contains(@class,'delete-button')]"</msg>
<msg timestamp="20210604 10:04:43.123" level="INFO">${locDelItem} = //table/tbody//input[contains(@value,'Food')]/ancestor-or-self::tr//td/button[contains(@class,'delete-button')]</msg>
<status status="PASS" starttime="20210604 10:04:43.122" endtime="20210604 10:04:43.123"></status>
</kw>
<kw name="Click" library="Browser">
<tags>
<tag>PageContent</tag>
<tag>Setter</tag>
</tags>
<doc>Simulates mouse click on the element found by ``selector``.</doc>
<arguments>
<arg>${locDelItem}</arg>
</arguments>
<msg timestamp="20210604 10:04:43.124" level="TRACE">Arguments: [ "//table/tbody//input[contains(@value,'Food')]/ancestor-or-self::tr//td/button[contains(@class,'delete-button')]" ]</msg>
<msg timestamp="20210604 10:04:43.124" level="DEBUG">Click options are: {"button": "left", "clickCount": 1, "force": false, "noWaitAfter": false}</msg>
<msg timestamp="20210604 10:04:43.185" level="DEBUG">Clicked element: '//table/tbody//input[contains(@value,'Food')]/ancestor-or-self::tr//td/button[contains(@class,'delete-button')]' with options: '{"button": "left", "clickCount": 1, "force": false, "noWaitAfter": false}'</msg>
<msg timestamp="20210604 10:04:43.185" level="TRACE">Return: None</msg>
<status status="PASS" starttime="20210604 10:04:43.123" endtime="20210604 10:04:43.186"></status>
</kw>
<msg timestamp="20210604 10:04:43.186" level="TRACE">Return: None</msg>
<status status="PASS" starttime="20210604 10:04:43.121" endtime="20210604 10:04:43.186"></status>
</kw>
<kw name="Delete Item" library="SidePanelItemValuePO">
<arguments>
<arg>${localItemGrooming}</arg>
</arguments>
<msg timestamp="20210604 10:04:43.187" level="TRACE">Arguments: [ ${argItemToBeDeleted}='Grooming/boarding' ]</msg>
<kw name="Set Variable" library="BuiltIn">
<doc>Returns the given values which can then be assigned to a variables.</doc>
<arguments>
<arg>//table/tbody//input[contains(@value,'${argItemToBeDeleted}')]/ancestor-or-self::tr//td/button[contains(@class,'delete-button')]</arg>
</arguments>
<assign>
<var>${locDelItem}</var>
</assign>
<msg timestamp="20210604 10:04:43.188" level="TRACE">Arguments: [ "//table/tbody//input[contains(@value,'Grooming/boarding')]/ancestor-or-self::tr//td/button[contains(@class,'delete-button')]" ]</msg>
<msg timestamp="20210604 10:04:43.188" level="TRACE">Return: "//table/tbody//input[contains(@value,'Grooming/boarding')]/ancestor-or-self::tr//td/button[contains(@class,'delete-button')]"</msg>
<msg timestamp="20210604 10:04:43.188" level="INFO">${locDelItem} = //table/tbody//input[contains(@value,'Grooming/boarding')]/ancestor-or-self::tr//td/button[contains(@class,'delete-button')]</msg>
<status status="PASS" starttime="20210604 10:04:43.187" endtime="20210604 10:04:43.188"></status>
</kw>
<kw name="Click" library="Browser">
<tags>
<tag>PageContent</tag>
<tag>Setter</tag>
</tags>
<doc>Simulates mouse click on the element found by ``selector``.</doc>
<arguments>
<arg>${locDelItem}</arg>
</arguments>
<msg timestamp="20210604 10:04:43.189" level="TRACE">Arguments: [ "//table/tbody//input[contains(@value,'Grooming/boarding')]/ancestor-or-self::tr//td/button[contains(@class,'delete-button')]" ]</msg>
<msg timestamp="20210604 10:04:43.189" level="DEBUG">Click options are: {"button": "left", "clickCount": 1, "force": false, "noWaitAfter": false}</msg>
<msg timestamp="20210604 10:04:43.267" level="DEBUG">Clicked element: '//table/tbody//input[contains(@value,'Grooming/boarding')]/ancestor-or-self::tr//td/button[contains(@class,'delete-button')]' with options: '{"button": "left", "clickCount": 1, "force": false, "noWaitAfter": false}'</msg>
<msg timestamp="20210604 10:04:43.267" level="TRACE">Return: None</msg>
<status status="PASS" starttime="20210604 10:04:43.189" endtime="20210604 10:04:43.267"></status>
</kw>
<msg timestamp="20210604 10:04:43.267" level="TRACE">Return: None</msg>
<status status="PASS" starttime="20210604 10:04:43.187" endtime="20210604 10:04:43.267"></status>
</kw>
<kw name="Delete Item" library="SidePanelItemValuePO">
<arguments>
<arg>${localItemVetCare}</arg>
</arguments>
<msg timestamp="20210604 10:04:43.268" level="TRACE">Arguments: [ ${argItemToBeDeleted}='Vet care' ]</msg>
<kw name="Set Variable" library="BuiltIn">
<doc>Returns the given values which can then be assigned to a variables.</doc>
<arguments>
<arg>//table/tbody//input[contains(@value,'${argItemToBeDeleted}')]/ancestor-or-self::tr//td/button[contains(@class,'delete-button')]</arg>
</arguments>
<assign>
<var>${locDelItem}</var>
</assign>
<msg timestamp="20210604 10:04:43.269" level="TRACE">Arguments: [ "//table/tbody//input[contains(@value,'Vet care')]/ancestor-or-self::tr//td/button[contains(@class,'delete-button')]" ]</msg>
<msg timestamp="20210604 10:04:43.269" level="TRACE">Return: "//table/tbody//input[contains(@value,'Vet care')]/ancestor-or-self::tr//td/button[contains(@class,'delete-button')]"</msg>
<msg timestamp="20210604 10:04:43.269" level="INFO">${locDelItem} = //table/tbody//input[contains(@value,'Vet care')]/ancestor-or-self::tr//td/button[contains(@class,'delete-button')]</msg>
<status status="PASS" starttime="20210604 10:04:43.268" endtime="20210604 10:04:43.269"></status>
</kw>
<kw name="Click" library="Browser">
<tags>
<tag>PageContent</tag>
<tag>Setter</tag>
</tags>
<doc>Simulates mouse click on the element found by ``selector``.</doc>
<arguments>
<arg>${locDelItem}</arg>
</arguments>
<msg timestamp="20210604 10:04:43.270" level="TRACE">Arguments: [ "//table/tbody//input[contains(@value,'Vet care')]/ancestor-or-self::tr//td/button[contains(@class,'delete-button')]" ]</msg>
<msg timestamp="20210604 10:04:43.270" level="DEBUG">Click options are: {"button": "left", "clickCount": 1, "force": false, "noWaitAfter": false}</msg>
<msg timestamp="20210604 10:04:43.336" level="DEBUG">Clicked element: '//table/tbody//input[contains(@value,'Vet care')]/ancestor-or-self::tr//td/button[contains(@class,'delete-button')]' with options: '{"button": "left", "clickCount": 1, "force": false, "noWaitAfter": false}'</msg>
<msg timestamp="20210604 10:04:43.337" level="TRACE">Return: None</msg>
<status status="PASS" starttime="20210604 10:04:43.269" endtime="20210604 10:04:43.337"></status>
</kw>
<msg timestamp="20210604 10:04:43.337" level="TRACE">Return: None</msg>
<status status="PASS" starttime="20210604 10:04:43.268" endtime="20210604 10:04:43.337"></status>
</kw>
<kw name="Delete Item" library="SidePanelItemValuePO">
<arguments>
<arg>${localItemOTCCare}</arg>
</arguments>
<msg timestamp="20210604 10:04:43.338" level="TRACE">Arguments: [ ${argItemToBeDeleted}='OTC Care/supplies' ]</msg>
<kw name="Set Variable" library="BuiltIn">
<doc>Returns the given values which can then be assigned to a variables.</doc>
<arguments>
<arg>//table/tbody//input[contains(@value,'${argItemToBeDeleted}')]/ancestor-or-self::tr//td/button[contains(@class,'delete-button')]</arg>
</arguments>
<assign>
<var>${locDelItem}</var>
</assign>
<msg timestamp="20210604 10:04:43.339" level="TRACE">Arguments: [ "//table/tbody//input[contains(@value,'OTC Care/supplies')]/ancestor-or-self::tr//td/button[contains(@class,'delete-button')]" ]</msg>
<msg timestamp="20210604 10:04:43.339" level="TRACE">Return: "//table/tbody//input[contains(@value,'OTC Care/supplies')]/ancestor-or-self::tr//td/button[contains(@class,'delete-button')]"</msg>
<msg timestamp="20210604 10:04:43.339" level="INFO">${locDelItem} = //table/tbody//input[contains(@value,'OTC Care/supplies')]/ancestor-or-self::tr//td/button[contains(@class,'delete-button')]</msg>
<status status="PASS" starttime="20210604 10:04:43.338" endtime="20210604 10:04:43.339"></status>
</kw>
<kw name="Click" library="Browser">
<tags>
<tag>PageContent</tag>
<tag>Setter</tag>
</tags>
<doc>Simulates mouse click on the element found by ``selector``.</doc>
<arguments>
<arg>${locDelItem}</arg>
</arguments>
<msg timestamp="20210604 10:04:43.341" level="TRACE">Arguments: [ "//table/tbody//input[contains(@value,'OTC Care/supplies')]/ancestor-or-self::tr//td/button[contains(@class,'delete-button')]" ]</msg>
<msg timestamp="20210604 10:04:43.341" level="DEBUG">Click options are: {"button": "left", "clickCount": 1, "force": false, "noWaitAfter": false}</msg>
<msg timestamp="20210604 10:04:43.384" level="DEBUG">Clicked element: '//table/tbody//input[contains(@value,'OTC Care/supplies')]/ancestor-or-self::tr//td/button[contains(@class,'delete-button')]' with options: '{"button": "left", "clickCount": 1, "force": false, "noWaitAfter": false}'</msg>
<msg timestamp="20210604 10:04:43.384" level="TRACE">Return: None</msg>
<status status="PASS" starttime="20210604 10:04:43.340" endtime="20210604 10:04:43.384"></status>
</kw>
<msg timestamp="20210604 10:04:43.384" level="TRACE">Return: None</msg>
<status status="PASS" starttime="20210604 10:04:43.338" endtime="20210604 10:04:43.385"></status>
</kw>
<kw name="Log" library="BuiltIn">
<doc>Logs the given message with the given level.</doc>
<arguments>
<arg>=== Add chart title ===</arg>
</arguments>
<msg timestamp="20210604 10:04:43.385" level="TRACE">Arguments: [ '=== Add chart title ===' ]</msg>
<msg timestamp="20210604 10:04:43.385" level="INFO">=== Add chart title ===</msg>
<msg timestamp="20210604 10:04:43.386" level="TRACE">Return: None</msg>
<status status="PASS" starttime="20210604 10:04:43.385" endtime="20210604 10:04:43.386"></status>
</kw>
<kw name="Clear Chart Title" library="SidePanelItemValuePO">
<msg timestamp="20210604 10:04:43.386" level="TRACE">Arguments: [  ]</msg>
<kw name="Clear Text" library="Browser">
<tags>
<tag>PageContent</tag>
<tag>Setter</tag>
</tags>
<doc>Clears the text field found by ``selector``.</doc>
<arguments>
<arg>${commonLocChartTitle}</arg>
</arguments>
<msg timestamp="20210604 10:04:43.387" level="TRACE">Arguments: [ "//*[@id='chart-title']" ]</msg>
<msg timestamp="20210604 10:04:43.415" level="DEBUG">Text field cleared.</msg>
<msg timestamp="20210604 10:04:43.415" level="TRACE">Return: None</msg>
<status status="PASS" starttime="20210604 10:04:43.387" endtime="20210604 10:04:43.416"></status>
</kw>
<msg timestamp="20210604 10:04:43.416" level="TRACE">Return: None</msg>
<status status="PASS" starttime="20210604 10:04:43.386" endtime="20210604 10:04:43.416"></status>
</kw>
<kw name="Fill Chart Title" library="SidePanelItemValuePO">
<arguments>
<arg>${localChartTitle}</arg>
</arguments>
<msg timestamp="20210604 10:04:43.417" level="TRACE">Arguments: [ ${argChartTitle}='test1' ]</msg>
<kw name="Fill Text" library="Browser">
<tags>
<tag>PageContent</tag>
<tag>Setter</tag>
</tags>
<doc>Clears and fills the given ``text`` into the text field found by ``selector``.</doc>
<arguments>
<arg>${commonLocChartTitle}</arg>
<arg>${argChartTitle}</arg>
</arguments>
<msg timestamp="20210604 10:04:43.417" level="TRACE">Arguments: [ "//*[@id='chart-title']" | 'test1' ]</msg>
<msg timestamp="20210604 10:04:43.418" level="INFO">Fills the text 'test1' in the given field.</msg>
<msg timestamp="20210604 10:04:43.438" level="DEBUG">Fill text: test1</msg>
<msg timestamp="20210604 10:04:43.438" level="TRACE">Return: None</msg>
<status status="PASS" starttime="20210604 10:04:43.417" endtime="20210604 10:04:43.439"></status>
</kw>
<msg timestamp="20210604 10:04:43.439" level="TRACE">Return: None</msg>
<status status="PASS" starttime="20210604 10:04:43.416" endtime="20210604 10:04:43.439"></status>
</kw>
<kw name="Log" library="BuiltIn">
<doc>Logs the given message with the given level.</doc>
<arguments>
<arg>=== Add items and values ===</arg>
</arguments>
<msg timestamp="20210604 10:04:43.440" level="TRACE">Arguments: [ '=== Add items and values ===' ]</msg>
<msg timestamp="20210604 10:04:43.441" level="INFO">=== Add items and values ===</msg>
<msg timestamp="20210604 10:04:43.441" level="TRACE">Return: None</msg>
<status status="PASS" starttime="20210604 10:04:43.439" endtime="20210604 10:04:43.441"></status>
</kw>
<kw name="Select Add Item" library="SidePanelItemValuePO">
<msg timestamp="20210604 10:04:43.442" level="TRACE">Arguments: [  ]</msg>
<kw name="Click" library="Browser">
<tags>
<tag>PageContent</tag>
<tag>Setter</tag>
</tags>
<doc>Simulates mouse click on the element found by ``selector``.</doc>
<arguments>
<arg>${commonLocAddItem}</arg>
</arguments>
<msg timestamp="20210604 10:04:43.443" level="TRACE">Arguments: [ "//button[contains(text(),'Add Item')]" ]</msg>
<msg timestamp="20210604 10:04:43.444" level="DEBUG">Click options are: {"button": "left", "clickCount": 1, "force": false, "noWaitAfter": false}</msg>
<msg timestamp="20210604 10:04:43.507" level="DEBUG">Clicked element: '//button[contains(text(),'Add Item')]' with options: '{"button": "left", "clickCount": 1, "force": false, "noWaitAfter": false}'</msg>
<msg timestamp="20210604 10:04:43.507" level="TRACE">Return: None</msg>
<status status="PASS" starttime="20210604 10:04:43.442" endtime="20210604 10:04:43.507"></status>
</kw>
<msg timestamp="20210604 10:04:43.507" level="TRACE">Return: None</msg>
<status status="PASS" starttime="20210604 10:04:43.442" endtime="20210604 10:04:43.507"></status>
</kw>
<kw name="Add Item" library="SidePanelItemValuePO">
<arguments>
<arg>${localItem1}</arg>
<arg>argRow=2</arg>
</arguments>
<msg timestamp="20210604 10:04:43.508" level="TRACE">Arguments: [ ${argItemToBeAdded}='item1' | ${argRow}='2' ]</msg>
<kw name="Set Variable" library="BuiltIn">
<doc>Returns the given values which can then be assigned to a variables.</doc>
<arguments>
<arg>//table/tbody//tr[${argRow}]//input[contains(@placeholder, 'Type to add ...')]</arg>
</arguments>
<assign>
<var>${locAddItem}</var>
</assign>
<msg timestamp="20210604 10:04:43.508" level="TRACE">Arguments: [ "//table/tbody//tr[2]//input[contains(@placeholder, 'Type to add ...')]" ]</msg>
<msg timestamp="20210604 10:04:43.508" level="TRACE">Return: "//table/tbody//tr[2]//input[contains(@placeholder, 'Type to add ...')]"</msg>
<msg timestamp="20210604 10:04:43.509" level="INFO">${locAddItem} = //table/tbody//tr[2]//input[contains(@placeholder, 'Type to add ...')]</msg>
<status status="PASS" starttime="20210604 10:04:43.508" endtime="20210604 10:04:43.509"></status>
</kw>
<kw name="Wait For Elements State" library="Browser">
<tags>
<tag>PageContent</tag>
<tag>Wait</tag>
</tags>
<doc>Waits for the element found by ``selector`` to satisfy state option.</doc>
<arguments>
<arg>${locAddItem}</arg>
<arg>state=visible</arg>
</arguments>
<msg timestamp="20210604 10:04:43.509" level="TRACE">Arguments: [ "//table/tbody//tr[2]//input[contains(@placeholder, 'Type to add ...')]" | state=&lt;ElementState.visible: 3&gt; ]</msg>
<msg timestamp="20210604 10:04:43.520" level="INFO">Wait for Element with selector: //table/tbody//tr[2]//input[contains(@placeholder, 'Type to add ...')]</msg>
<msg timestamp="20210604 10:04:43.520" level="TRACE">Return: None</msg>
<status status="PASS" starttime="20210604 10:04:43.509" endtime="20210604 10:04:43.520"></status>
</kw>
<kw name="Fill Text" library="Browser">
<tags>
<tag>PageContent</tag>
<tag>Setter</tag>
</tags>
<doc>Clears and fills the given ``text`` into the text field found by ``selector``.</doc>
<arguments>
<arg>${locAddItem}</arg>
<arg>${argItemToBeAdded}</arg>
</arguments>
<msg timestamp="20210604 10:04:43.521" level="TRACE">Arguments: [ "//table/tbody//tr[2]//input[contains(@placeholder, 'Type to add ...')]" | 'item1' ]</msg>
<msg timestamp="20210604 10:04:43.522" level="INFO">Fills the text 'item1' in the given field.</msg>
<msg timestamp="20210604 10:04:43.547" level="DEBUG">Fill text: item1</msg>
<msg timestamp="20210604 10:04:43.547" level="TRACE">Return: None</msg>
[...]
<msg timestamp="20210604 10:04:44.187" level="DEBUG">Click options are: {"button": "left", "clickCount": 1, "force": false, "noWaitAfter": false}</msg>
<msg timestamp="20210604 10:04:44.251" level="DEBUG">Clicked element: '//table/tbody//input[contains(@value,'item4')]/ancestor-or-self::tr//td/input[contains(@class, 'item-value-input')]' with options: '{"button": "left", "clickCount": 1, "force": false, "noWaitAfter": false}'</msg>
<msg timestamp="20210604 10:04:44.251" level="TRACE">Return: None</msg>
<status status="PASS" starttime="20210604 10:04:44.186" endtime="20210604 10:04:44.252"></status>
</kw>
<kw name="Clear Text" library="Browser">
<tags>
<tag>PageContent</tag>
<tag>Setter</tag>
</tags>
<doc>Clears the text field found by ``selector``.</doc>
<arguments>
<arg>${locAddItemValue}</arg>
</arguments>
<msg timestamp="20210604 10:04:44.252" level="TRACE">Arguments: [ "//table/tbody//input[contains(@value,'item4')]/ancestor-or-self::tr//td/input[contains(@class, 'item-value-input')]" ]</msg>
<msg timestamp="20210604 10:04:44.285" level="DEBUG">Text field cleared.</msg>
<msg timestamp="20210604 10:04:44.285" level="TRACE">Return: None</msg>
<status status="PASS" starttime="20210604 10:04:44.252" endtime="20210604 10:04:44.285"></status>
</kw>
<kw name="Fill Text" library="Browser">
<tags>
<tag>PageContent</tag>
<tag>Setter</tag>
</tags>
<doc>Clears and fills the given ``text`` into the text field found by ``selector``.</doc>
<arguments>
<arg>${locAddItemValue}</arg>
<arg>${argItemValue}</arg>
</arguments>
<msg timestamp="20210604 10:04:44.288" level="TRACE">Arguments: [ "//table/tbody//input[contains(@value,'item4')]/ancestor-or-self::tr//td/input[contains(@class, 'item-value-input')]" | '5' ]</msg>
<msg timestamp="20210604 10:04:44.288" level="INFO">Fills the text '5' in the given field.</msg>
<msg timestamp="20210604 10:04:44.319" level="DEBUG">Fill text: 5</msg>
<msg timestamp="20210604 10:04:44.320" level="TRACE">Return: None</msg>
<status status="PASS" starttime="20210604 10:04:44.287" endtime="20210604 10:04:44.320"></status>
</kw>
<msg timestamp="20210604 10:04:44.320" level="TRACE">Return: None</msg>
<status status="PASS" starttime="20210604 10:04:44.185" endtime="20210604 10:04:44.321"></status>
</kw>
<kw name="Navigate To Design" library="NavigationTabsPO">
<msg timestamp="20210604 10:04:44.321" level="TRACE">Arguments: [  ]</msg>
<kw name="Click" library="Browser">
<tags>
<tag>PageContent</tag>
<tag>Setter</tag>
</tags>
<doc>Simulates mouse click on the element found by ``selector``.</doc>
<arguments>
<arg>${commonLocDesignTab}</arg>
</arguments>
<msg timestamp="20210604 10:04:44.322" level="TRACE">Arguments: [ "//button[contains(text(),'Design')]" ]</msg>
<msg timestamp="20210604 10:04:44.323" level="DEBUG">Click options are: {"button": "left", "clickCount": 1, "force": false, "noWaitAfter": false}</msg>
<msg timestamp="20210604 10:04:44.373" level="DEBUG">Clicked element: '//button[contains(text(),'Design')]' with options: '{"button": "left", "clickCount": 1, "force": false, "noWaitAfter": false}'</msg>
<msg timestamp="20210604 10:04:44.373" level="TRACE">Return: None</msg>
<status status="PASS" starttime="20210604 10:04:44.322" endtime="20210604 10:04:44.373"></status>
</kw>
<msg timestamp="20210604 10:04:44.374" level="TRACE">Return: None</msg>
<status status="PASS" starttime="20210604 10:04:44.321" endtime="20210604 10:04:44.374"></status>
</kw>
<kw name="Select Chart Type" library="DesignPanelContainerPO">
<arguments>
<arg>Bar chart</arg>
</arguments>
<msg timestamp="20210604 10:04:44.378" level="TRACE">Arguments: [ ${argChart}='Bar chart' ]</msg>
<kw name="Set Variable" library="BuiltIn">
<doc>Returns the given values which can then be assigned to a variables.</doc>
<arguments>
<arg>//*[contains(@class,'LayoutsPanelContainer')]//button[contains(text(),'${argChart}')]</arg>
</arguments>
<assign>
<var>${locChart}</var>
</assign>
<msg timestamp="20210604 10:04:44.378" level="TRACE">Arguments: [ "//*[contains(@class,'LayoutsPanelContainer')]//button[contains(text(),'Bar chart')]" ]</msg>
<msg timestamp="20210604 10:04:44.378" level="TRACE">Return: "//*[contains(@class,'LayoutsPanelContainer')]//button[contains(text(),'Bar chart')]"</msg>
<msg timestamp="20210604 10:04:44.379" level="INFO">${locChart} = //*[contains(@class,'LayoutsPanelContainer')]//button[contains(text(),'Bar chart')]</msg>
<status status="PASS" starttime="20210604 10:04:44.378" endtime="20210604 10:04:44.379"></status>
</kw>
<kw name="Click" library="Browser">
<tags>
<tag>PageContent</tag>
<tag>Setter</tag>
</tags>
<doc>Simulates mouse click on the element found by ``selector``.</doc>
<arguments>
<arg>${locChart}</arg>
</arguments>
<msg timestamp="20210604 10:04:44.379" level="TRACE">Arguments: [ "//*[contains(@class,'LayoutsPanelContainer')]//button[contains(text(),'Bar chart')]" ]</msg>
<msg timestamp="20210604 10:04:44.380" level="DEBUG">Click options are: {"button": "left", "clickCount": 1, "force": false, "noWaitAfter": false}</msg>
<msg timestamp="20210604 10:04:44.578" level="DEBUG">Clicked element: '//*[contains(@class,'LayoutsPanelContainer')]//button[contains(text(),'Bar chart')]' with options: '{"button": "left", "clickCount": 1, "force": false, "noWaitAfter": false}'</msg>
<msg timestamp="20210604 10:04:44.578" level="TRACE">Return: None</msg>
<status status="PASS" starttime="20210604 10:04:44.379" endtime="20210604 10:04:44.578"></status>
</kw>
<msg timestamp="20210604 10:04:44.578" level="TRACE">Return: None</msg>
<status status="PASS" starttime="20210604 10:04:44.377" endtime="20210604 10:04:44.579"></status>
</kw>
<kw name="Log" library="BuiltIn">
<doc>Logs the given message with the given level.</doc>
<arguments>
<arg>=== Verify Bar chart entries ===</arg>
</arguments>
<msg timestamp="20210604 10:04:44.579" level="TRACE">Arguments: [ '=== Verify Bar chart entries ===' ]</msg>
<msg timestamp="20210604 10:04:44.579" level="INFO">=== Verify Bar chart entries ===</msg>
<msg timestamp="20210604 10:04:44.579" level="TRACE">Return: None</msg>
<status status="PASS" starttime="20210604 10:04:44.579" endtime="20210604 10:04:44.579"></status>
</kw>
<kw name="Verify Identical Color Count" library="ChartLayoutPO">
<arguments>
<arg>1</arg>
</arguments>
<msg timestamp="20210604 10:04:44.580" level="TRACE">Arguments: [ ${argCount}='1' ]</msg>
<kw name="Get Element Count" library="Browser">
<tags>
<tag>Assertion</tag>
<tag>Getter</tag>
<tag>PageContent</tag>
</tags>
<doc>Returns the count of elements found with ``selector``.</doc>
<arguments>
<arg>${locIdenticalColor}</arg>
<arg>==</arg>
<arg>${argCount}</arg>
</arguments>
<msg timestamp="20210604 10:04:44.581" level="TRACE">Arguments: [ "//div[contains(@class,'layout')]//*[contains(@fill,'#20336e')]" | &lt;AssertionOperator.equal: '=='&gt; | '1' ]</msg>
<msg timestamp="20210604 10:04:44.588" level="DEBUG">Assertion polling statistics:
First element asserted in: 0.007002592086791992 seconds
Total tries: 1
Elapsed time in retries 0.0 seconds</msg>
<msg timestamp="20210604 10:04:44.591" level="TRACE">Return: 1</msg>
<status status="PASS" starttime="20210604 10:04:44.580" endtime="20210604 10:04:44.591"></status>
</kw>
<msg timestamp="20210604 10:04:44.592" level="TRACE">Return: None</msg>
<status status="PASS" starttime="20210604 10:04:44.580" endtime="20210604 10:04:44.592"></status>
</kw>
<kw name="Verify Bar Chart Identical Color" library="ChartLayoutPO">
<arguments>
<arg>15</arg>
</arguments>
<msg timestamp="20210604 10:04:44.593" level="TRACE">Arguments: [ ${argCount}='15' ]</msg>
<kw name="Get Element Count" library="Browser">
<tags>
<tag>Assertion</tag>
<tag>Getter</tag>
<tag>PageContent</tag>
</tags>
<doc>Returns the count of elements found with ``selector``.</doc>
<arguments>
<arg>${locBarChartIdentical}</arg>
<arg>==</arg>
<arg>${argCount}</arg>
</arguments>
<msg timestamp="20210604 10:04:44.595" level="TRACE">Arguments: [ "//div[contains(@class,'layout')]//*[contains(@fill,'#7b8288')]" | &lt;AssertionOperator.equal: '=='&gt; | '15' ]</msg>
<msg timestamp="20210604 10:04:44.608" level="DEBUG">Assertion polling statistics:
First element asserted in: 0.012985944747924805 seconds
Total tries: 1
Elapsed time in retries 0.0 seconds</msg>
<msg timestamp="20210604 10:04:44.609" level="TRACE">Return: 15</msg>
<status status="PASS" starttime="20210604 10:04:44.594" endtime="20210604 10:04:44.609"></status>
</kw>
<msg timestamp="20210604 10:04:44.609" level="TRACE">Return: None</msg>
<status status="PASS" starttime="20210604 10:04:44.593" endtime="20210604 10:04:44.610"></status>
</kw>
<kw name="Verify Bars On Graph" library="ChartLayoutPO">
<arguments>
<arg>4</arg>
</arguments>
<msg timestamp="20210604 10:04:44.611" level="TRACE">Arguments: [ ${argCount}='4' ]</msg>
<kw name="Get Element Count" library="Browser">
<tags>
<tag>Assertion</tag>
<tag>Getter</tag>
<tag>PageContent</tag>
</tags>
<doc>Returns the count of elements found with ``selector``.</doc>
<arguments>
<arg>${locBars}</arg>
<arg>==</arg>
<arg>${argCount}</arg>
</arguments>
<msg timestamp="20210604 10:04:44.613" level="TRACE">Arguments: [ "//div[contains(@class,'layout')]//*[contains(@fill,'#86ddd4')]" | &lt;AssertionOperator.equal: '=='&gt; | '4' ]</msg>
<msg timestamp="20210604 10:04:44.620" level="DEBUG">Assertion polling statistics:
First element asserted in: 0.006994009017944336 seconds
Total tries: 1
Elapsed time in retries 0.0 seconds</msg>
<msg timestamp="20210604 10:04:44.621" level="TRACE">Return: 4</msg>
<status status="PASS" starttime="20210604 10:04:44.612" endtime="20210604 10:04:44.621"></status>
</kw>
<msg timestamp="20210604 10:04:44.621" level="TRACE">Return: None</msg>
<status status="PASS" starttime="20210604 10:04:44.611" endtime="20210604 10:04:44.621"></status>
</kw>
<kw name="Verify Chart Contains Items" library="ChartLayoutPO">
<arguments>
<arg>${localItem1}</arg>
</arguments>
<msg timestamp="20210604 10:04:44.622" level="TRACE">Arguments: [ ${argItem}='item1' ]</msg>
<kw name="Set Variable" library="BuiltIn">
<doc>Returns the given values which can then be assigned to a variables.</doc>
<arguments>
<arg>//div[contains(@class,'layout')]//*[contains(text(),'${argItem}')]</arg>
</arguments>
<assign>
<var>${locChartItem}</var>
</assign>
<msg timestamp="20210604 10:04:44.622" level="TRACE">Arguments: [ "//div[contains(@class,'layout')]//*[contains(text(),'item1')]" ]</msg>
<msg timestamp="20210604 10:04:44.622" level="TRACE">Return: "//div[contains(@class,'layout')]//*[contains(text(),'item1')]"</msg>
<msg timestamp="20210604 10:04:44.622" level="INFO">${locChartItem} = //div[contains(@class,'layout')]//*[contains(text(),'item1')]</msg>
<status status="PASS" starttime="20210604 10:04:44.622" endtime="20210604 10:04:44.623"></status>
</kw>
<kw name="Wait For Elements State" library="Browser">
<tags>
<tag>PageContent</tag>
<tag>Wait</tag>
</tags>
<doc>Waits for the element found by ``selector`` to satisfy state option.</doc>
<arguments>
<arg>${locChartItem}</arg>
<arg>state=visible</arg>
</arguments>
<msg timestamp="20210604 10:04:44.623" level="TRACE">Arguments: [ "//div[contains(@class,'layout')]//*[contains(text(),'item1')]" | state=&lt;ElementState.visible: 3&gt; ]</msg>
<msg timestamp="20210604 10:04:44.630" level="INFO">Wait for Element with selector: //div[contains(@class,'layout')]//*[contains(text(),'item1')]</msg>
<msg timestamp="20210604 10:04:44.630" level="TRACE">Return: None</msg>
<status status="PASS" starttime="20210604 10:04:44.623" endtime="20210604 10:04:44.630"></status>
</kw>
<msg timestamp="20210604 10:04:44.631" level="TRACE">Return: None</msg>
<status status="PASS" starttime="20210604 10:04:44.621" endtime="20210604 10:04:44.631"></status>
</kw>
<kw name="Verify Chart Contains Items" library="ChartLayoutPO">
<arguments>
<arg>${localItem2}</arg>
</arguments>
<msg timestamp="20210604 10:04:44.631" level="TRACE">Arguments: [ ${argItem}='item2' ]</msg>
<kw name="Set Variable" library="BuiltIn">
<doc>Returns the given values which can then be assigned to a variables.</doc>
<arguments>
<arg>//div[contains(@class,'layout')]//*[contains(text(),'${argItem}')]</arg>
</arguments>
<assign>
<var>${locChartItem}</var>
</assign>
<msg timestamp="20210604 10:04:44.632" level="TRACE">Arguments: [ "//div[contains(@class,'layout')]//*[contains(text(),'item2')]" ]</msg>
<msg timestamp="20210604 10:04:44.632" level="TRACE">Return: "//div[contains(@class,'layout')]//*[contains(text(),'item2')]"</msg>
<msg timestamp="20210604 10:04:44.632" level="INFO">${locChartItem} = //div[contains(@class,'layout')]//*[contains(text(),'item2')]</msg>
<status status="PASS" starttime="20210604 10:04:44.632" endtime="20210604 10:04:44.632"></status>
</kw>
<kw name="Wait For Elements State" library="Browser">
<tags>
<tag>PageContent</tag>
<tag>Wait</tag>
</tags>
<doc>Waits for the element found by ``selector`` to satisfy state option.</doc>
<arguments>
<arg>${locChartItem}</arg>
<arg>state=visible</arg>
</arguments>
<msg timestamp="20210604 10:04:44.633" level="TRACE">Arguments: [ "//div[contains(@class,'layout')]//*[contains(text(),'item2')]" | state=&lt;ElementState.visible: 3&gt; ]</msg>
<msg timestamp="20210604 10:04:44.640" level="INFO">Wait for Element with selector: //div[contains(@class,'layout')]//*[contains(text(),'item2')]</msg>
<msg timestamp="20210604 10:04:44.640" level="TRACE">Return: None</msg>
<status status="PASS" starttime="20210604 10:04:44.633" endtime="20210604 10:04:44.640"></status>
</kw>
<msg timestamp="20210604 10:04:44.641" level="TRACE">Return: None</msg>
<status status="PASS" starttime="20210604 10:04:44.631" endtime="20210604 10:04:44.641"></status>
</kw>
<kw name="Verify Chart Contains Items" library="ChartLayoutPO">
<arguments>
<arg>${localItem3}</arg>
</arguments>
<msg timestamp="20210604 10:04:44.641" level="TRACE">Arguments: [ ${argItem}='item3' ]</msg>
<kw name="Set Variable" library="BuiltIn">
<doc>Returns the given values which can then be assigned to a variables.</doc>
<arguments>
<arg>//div[contains(@class,'layout')]//*[contains(text(),'${argItem}')]</arg>
</arguments>
<assign>
<var>${locChartItem}</var>
</assign>
<msg timestamp="20210604 10:04:44.642" level="TRACE">Arguments: [ "//div[contains(@class,'layout')]//*[contains(text(),'item3')]" ]</msg>
<msg timestamp="20210604 10:04:44.642" level="TRACE">Return: "//div[contains(@class,'layout')]//*[contains(text(),'item3')]"</msg>
<msg timestamp="20210604 10:04:44.642" level="INFO">${locChartItem} = //div[contains(@class,'layout')]//*[contains(text(),'item3')]</msg>
<status status="PASS" starttime="20210604 10:04:44.642" endtime="20210604 10:04:44.642"></status>
</kw>
<kw name="Wait For Elements State" library="Browser">
<tags>
<tag>PageContent</tag>
<tag>Wait</tag>
</tags>
<doc>Waits for the element found by ``selector`` to satisfy state option.</doc>
<arguments>
<arg>${locChartItem}</arg>
<arg>state=visible</arg>
</arguments>
<msg timestamp="20210604 10:04:44.643" level="TRACE">Arguments: [ "//div[contains(@class,'layout')]//*[contains(text(),'item3')]" | state=&lt;ElementState.visible: 3&gt; ]</msg>
<msg timestamp="20210604 10:04:44.653" level="INFO">Wait for Element with selector: //div[contains(@class,'layout')]//*[contains(text(),'item3')]</msg>
<msg timestamp="20210604 10:04:44.653" level="TRACE">Return: None</msg>
<status status="PASS" starttime="20210604 10:04:44.642" endtime="20210604 10:04:44.653"></status>
</kw>
<msg timestamp="20210604 10:04:44.654" level="TRACE">Return: None</msg>
<status status="PASS" starttime="20210604 10:04:44.641" endtime="20210604 10:04:44.654"></status>
</kw>
<kw name="Verify Chart Contains Items" library="ChartLayoutPO">
<arguments>
<arg>${localItem4}</arg>
</arguments>
<msg timestamp="20210604 10:04:44.654" level="TRACE">Arguments: [ ${argItem}='item4' ]</msg>
<kw name="Set Variable" library="BuiltIn">
<doc>Returns the given values which can then be assigned to a variables.</doc>
<arguments>
<arg>//div[contains(@class,'layout')]//*[contains(text(),'${argItem}')]</arg>
</arguments>
<assign>
<var>${locChartItem}</var>
</assign>
<msg timestamp="20210604 10:04:44.655" level="TRACE">Arguments: [ "//div[contains(@class,'layout')]//*[contains(text(),'item4')]" ]</msg>
<msg timestamp="20210604 10:04:44.655" level="TRACE">Return: "//div[contains(@class,'layout')]//*[contains(text(),'item4')]"</msg>
<msg timestamp="20210604 10:04:44.655" level="INFO">${locChartItem} = //div[contains(@class,'layout')]//*[contains(text(),'item4')]</msg>
<status status="PASS" starttime="20210604 10:04:44.655" endtime="20210604 10:04:44.655"></status>
</kw>
<kw name="Wait For Elements State" library="Browser">
<tags>
<tag>PageContent</tag>
<tag>Wait</tag>
</tags>
<doc>Waits for the element found by ``selector`` to satisfy state option.</doc>
<arguments>
<arg>${locChartItem}</arg>
<arg>state=visible</arg>
</arguments>
<msg timestamp="20210604 10:04:44.656" level="TRACE">Arguments: [ "//div[contains(@class,'layout')]//*[contains(text(),'item4')]" | state=&lt;ElementState.visible: 3&gt; ]</msg>
<msg timestamp="20210604 10:04:44.663" level="INFO">Wait for Element with selector: //div[contains(@class,'layout')]//*[contains(text(),'item4')]</msg>
<msg timestamp="20210604 10:04:44.663" level="TRACE">Return: None</msg>
<status status="PASS" starttime="20210604 10:04:44.655" endtime="20210604 10:04:44.664"></status>
</kw>
<msg timestamp="20210604 10:04:44.664" level="TRACE">Return: None</msg>
<status status="PASS" starttime="20210604 10:04:44.654" endtime="20210604 10:04:44.664"></status>
</kw>
<kw name="Stop Gif Recording" library="ScreenCapLibrary" type="teardown">
<doc>Stops the GIF recording and generates the file. If ``embed`` argument was set to ``True`` the
GIF will be displayed in the log file.</doc>
<msg timestamp="20210604 10:04:44.665" level="TRACE">Arguments: [  ]</msg>
<msg timestamp="20210604 10:04:44.701" level="INFO" html="yes">&lt;a href="screenshot_2.gif"&gt;&lt;img src="screenshot_2.gif" width="800px"&gt;&lt;/a&gt;</msg>
<msg timestamp="20210604 10:04:44.859" level="TRACE">Return: 'C:\\Users\\pgo\\eclipse-workspace\\ChartGeneration\\screenshot_2.gif'</msg>
<status status="PASS" starttime="20210604 10:04:44.665" endtime="20210604 10:04:44.859"></status>
</kw>
<status status="PASS" starttime="20210604 10:04:41.230" endtime="20210604 10:04:44.860" critical="yes"></status>
</test>
<status status="PASS" starttime="20210604 10:04:41.203" endtime="20210604 10:04:45.040"></status>
</suite>
<status status="PASS" starttime="20210604 10:04:41.192" endtime="20210604 10:04:45.047"></status>
</suite>
<status status="PASS" starttime="20210604 10:04:37.186" endtime="20210604 10:04:45.052"></status>
</suite>
<status status="PASS" starttime="20210604 10:04:37.183" endtime="20210604 10:04:45.056"></status>
</suite>
<status status="PASS" starttime="20210604 10:04:36.121" endtime="20210604 10:04:45.068"></status>
</suite>
<statistics>
<total>
<stat pass="2" fail="0">Critical Tasks</stat>
<stat pass="2" fail="0">All Tasks</stat>
</total>
<tag>
</tag>
<suite>
<stat pass="2" fail="0" id="s1" name="ChartGeneration">ChartGeneration</stat>
<stat pass="2" fail="0" id="s1-s1" name="ChartGenerationUI">ChartGeneration.ChartGenerationUI</stat>
<stat pass="2" fail="0" id="s1-s1-s1" name="Tests">ChartGeneration.ChartGenerationUI.Tests</stat>
<stat pass="1" fail="0" id="s1-s1-s1-s1" name="Content">ChartGeneration.ChartGenerationUI.Tests.Content</stat>
<stat pass="1" fail="0" id="s1-s1-s1-s1-s1" name="PieChartItems">ChartGeneration.ChartGenerationUI.Tests.Content.PieChartItems</stat>
<stat pass="1" fail="0" id="s1-s1-s1-s2" name="Design">ChartGeneration.ChartGenerationUI.Tests.Design</stat>
<stat pass="1" fail="0" id="s1-s1-s1-s2-s1" name="DesignBarChartItems">ChartGeneration.ChartGenerationUI.Tests.Design.DesignBarChartItems</stat>
</suite>
</statistics>
<errors>
</errors>
</robot>
